<?xml version="1.0" encoding="UTF-8"?>
<coverage generated="1789178834601" clover="3.2.0">
  <project timestamp="1789178834601" name="All files">
    <metrics statements="339" coveredstatements="314" conditionals="348" coveredconditionals="274" methods="89" coveredmethods="78" elements="776" coveredelements="666" complexity="0" loc="339" ncloc="339" packages="5" files="14" classes="14"/>
    <package name="components.feedback">
      <metrics statements="19" coveredstatements="19" conditionals="10" coveredconditionals="10" methods="7" coveredmethods="7"/>
      <file name="Toast.tsx" path="/home/krouser/Developer/opensource/components/src/components/feedback/Toast.tsx">
        <metrics statements="19" coveredstatements="19" conditionals="10" coveredconditionals="10" methods="7" coveredmethods="7"/>
        <line num="10" count="1" type="stmt"/>
        <line num="14" count="1" type="stmt"/>
        <line num="15" count="1" type="stmt"/>
        <line num="17" count="1" type="stmt"/>
        <line num="22" count="1" type="stmt"/>
        <line num="54" count="15" type="stmt"/>
        <line num="55" count="15" type="stmt"/>
        <line num="57" count="15" type="cond" truecount="2" falsecount="0"/>
        <line num="58" count="15" type="stmt"/>
        <line num="60" count="15" type="stmt"/>
        <line num="61" count="4" type="stmt"/>
        <line num="62" count="4" type="stmt"/>
        <line num="66" count="15" type="stmt"/>
        <line num="67" count="15" type="cond" truecount="4" falsecount="0"/>
        <line num="68" count="13" type="stmt"/>
        <line num="69" count="13" type="stmt"/>
        <line num="72" count="15" type="stmt"/>
        <line num="75" count="1" type="stmt"/>
        <line num="76" count="1" type="stmt"/>
      </file>
    </package>
    <package name="components.overlays">
      <metrics statements="55" coveredstatements="55" conditionals="55" coveredconditionals="45" methods="20" coveredmethods="20"/>
      <file name="Drawer.tsx" path="/home/krouser/Developer/opensource/components/src/components/overlays/Drawer.tsx">
        <metrics statements="26" coveredstatements="26" conditionals="27" coveredconditionals="22" methods="10" coveredmethods="10"/>
        <line num="14" count="1" type="stmt"/>
        <line num="17" count="1" type="stmt"/>
        <line num="22" count="1" type="stmt"/>
        <line num="25" count="1" type="stmt"/>
        <line num="28" count="1" type="stmt"/>
        <line num="30" count="1" type="stmt"/>
        <line num="33" count="1" type="stmt"/>
        <line num="38" count="10" type="stmt"/>
        <line num="39" count="10" type="cond" truecount="2" falsecount="0"/>
        <line num="40" count="9" type="stmt"/>
        <line num="41" count="1" type="cond" truecount="1" falsecount="1"/>
        <line num="43" count="9" type="stmt"/>
        <line num="44" count="9" type="stmt"/>
        <line num="47" count="10" type="cond" truecount="2" falsecount="0"/>
        <line num="49" count="9" type="stmt"/>
        <line num="54" count="1" type="cond" truecount="1" falsecount="1"/>
        <line num="62" count="2" type="stmt"/>
        <line num="73" count="1" type="stmt"/>
        <line num="80" count="9" type="stmt"/>
        <line num="95" count="1" type="stmt"/>
        <line num="96" count="9" type="cond" truecount="2" falsecount="0"/>
        <line num="100" count="1" type="stmt"/>
        <line num="101" count="9" type="cond" truecount="2" falsecount="0"/>
        <line num="107" count="9" type="stmt"/>
        <line num="108" count="9" type="cond" truecount="1" falsecount="1"/>
        <line num="109" count="9" type="stmt"/>
      </file>
      <file name="Modal.tsx" path="/home/krouser/Developer/opensource/components/src/components/overlays/Modal.tsx">
        <metrics statements="25" coveredstatements="25" conditionals="26" coveredconditionals="22" methods="9" coveredmethods="9"/>
        <line num="13" count="1" type="stmt"/>
        <line num="16" count="1" type="stmt"/>
        <line num="19" count="1" type="stmt"/>
        <line num="20" count="1" type="stmt"/>
        <line num="21" count="1" type="stmt"/>
        <line num="25" count="1" type="stmt"/>
        <line num="37" count="10" type="stmt"/>
        <line num="38" count="10" type="cond" truecount="2" falsecount="0"/>
        <line num="39" count="9" type="stmt"/>
        <line num="40" count="1" type="cond" truecount="1" falsecount="1"/>
        <line num="42" count="9" type="stmt"/>
        <line num="43" count="9" type="stmt"/>
        <line num="46" count="10" type="cond" truecount="2" falsecount="0"/>
        <line num="48" count="9" type="stmt"/>
        <line num="53" count="1" type="cond" truecount="1" falsecount="1"/>
        <line num="61" count="2" type="stmt"/>
        <line num="72" count="1" type="stmt"/>
        <line num="79" count="9" type="stmt"/>
        <line num="81" count="9" type="stmt"/>
        <line num="103" count="1" type="stmt"/>
        <line num="105" count="1" type="stmt"/>
        <line num="106" count="9" type="cond" truecount="2" falsecount="0"/>
        <line num="111" count="1" type="stmt"/>
        <line num="113" count="1" type="stmt"/>
        <line num="114" count="9" type="cond" truecount="2" falsecount="0"/>
      </file>
      <file name="context.ts" path="/home/krouser/Developer/opensource/components/src/components/overlays/context.ts">
        <metrics statements="4" coveredstatements="4" conditionals="2" coveredconditionals="1" methods="1" coveredmethods="1"/>
        <line num="3" count="2" type="stmt"/>
        <line num="6" count="9" type="stmt"/>
        <line num="7" count="9" type="cond" truecount="1" falsecount="1"/>
        <line num="8" count="9" type="stmt"/>
      </file>
    </package>
    <package name="components.primitives">
      <metrics statements="143" coveredstatements="127" conditionals="225" coveredconditionals="170" methods="35" coveredmethods="28"/>
      <file name="Badge.tsx" path="/home/krouser/Developer/opensource/components/src/components/primitives/Badge.tsx">
        <metrics statements="4" coveredstatements="4" conditionals="3" coveredconditionals="3" methods="2" coveredmethods="2"/>
        <line num="19" count="1" type="stmt"/>
        <line num="29" count="7" type="stmt"/>
        <line num="40" count="1" type="stmt"/>
        <line num="44" count="1" type="stmt"/>
      </file>
      <file name="Button.tsx" path="/home/krouser/Developer/opensource/components/src/components/primitives/Button.tsx">
        <metrics statements="9" coveredstatements="9" conditionals="16" coveredconditionals="13" methods="1" coveredmethods="1"/>
        <line num="27" count="1" type="stmt"/>
        <line num="29" count="1" type="stmt"/>
        <line num="37" count="1" type="stmt"/>
        <line num="43" count="1" type="stmt"/>
        <line num="50" count="1" type="stmt"/>
        <line num="56" count="1" type="stmt"/>
        <line num="77" count="7" type="cond" truecount="4" falsecount="0"/>
        <line num="81" count="7" type="cond" truecount="1" falsecount="1"/>
        <line num="83" count="7" type="stmt"/>
      </file>
      <file name="Checkbox.tsx" path="/home/krouser/Developer/opensource/components/src/components/primitives/Checkbox.tsx">
        <metrics statements="21" coveredstatements="20" conditionals="35" coveredconditionals="28" methods="4" coveredmethods="3"/>
        <line num="15" count="1" type="stmt"/>
        <line num="19" count="0" type="stmt"/>
        <line num="30" count="1" type="stmt"/>
        <line num="31" count="1" type="stmt"/>
        <line num="34" count="1" type="stmt"/>
        <line num="36" count="1" type="stmt"/>
        <line num="46" count="1" type="stmt"/>
        <line num="53" count="1" type="stmt"/>
        <line num="55" count="1" type="stmt"/>
        <line num="57" count="1" type="stmt"/>
        <line num="63" count="1" type="stmt"/>
        <line num="86" count="8" type="stmt"/>
        <line num="88" count="16" type="cond" truecount="2" falsecount="0"/>
        <line num="89" count="8" type="stmt"/>
        <line num="90" count="8" type="cond" truecount="1" falsecount="1"/>
        <line num="91" count="8" type="cond" truecount="1" falsecount="1"/>
        <line num="96" count="8" type="cond" truecount="3" falsecount="1"/>
        <line num="97" count="8" type="cond" truecount="2" falsecount="0"/>
        <line num="103" count="8" type="stmt"/>
        <line num="115" count="2" type="stmt"/>
        <line num="137" count="1" type="stmt"/>
      </file>
      <file name="Input.tsx" path="/home/krouser/Developer/opensource/components/src/components/primitives/Input.tsx">
        <metrics statements="47" coveredstatements="45" conditionals="75" coveredconditionals="58" methods="12" coveredmethods="11"/>
        <line num="50" count="1" type="stmt"/>
        <line num="53" count="1" type="stmt"/>
        <line num="55" count="1" type="stmt"/>
        <line num="58" count="1" type="stmt"/>
        <line num="61" count="1" type="stmt"/>
        <line num="64" count="1" type="stmt"/>
        <line num="66" count="1" type="stmt"/>
        <line num="71" count="1" type="stmt"/>
        <line num="80" count="1" type="stmt"/>
        <line num="89" count="1" type="stmt"/>
        <line num="97" count="1" type="stmt"/>
        <line num="105" count="1" type="stmt"/>
        <line num="113" count="10" type="stmt"/>
        <line num="114" count="10" type="cond" truecount="1" falsecount="1"/>
        <line num="115" count="10" type="stmt"/>
        <line num="118" count="1" type="stmt"/>
        <line num="122" count="0" type="cond" truecount="0" falsecount="2"/>
        <line num="124" count="0" type="stmt"/>
        <line num="143" count="1" type="stmt"/>
        <line num="156" count="5" type="stmt"/>
        <line num="177" count="1" type="stmt"/>
        <line num="181" count="5" type="stmt"/>
        <line num="182" count="5" type="cond" truecount="1" falsecount="1"/>
        <line num="183" count="5" type="cond" truecount="1" falsecount="1"/>
        <line num="185" count="5" type="stmt"/>
        <line num="206" count="1" type="stmt"/>
        <line num="207" count="1" type="stmt"/>
        <line num="209" count="1" type="stmt"/>
        <line num="231" count="1" type="stmt"/>
        <line num="232" count="1" type="stmt"/>
        <line num="244" count="3" type="stmt"/>
        <line num="245" count="3" type="stmt"/>
        <line num="253" count="15" type="stmt"/>
        <line num="254" count="15" type="stmt"/>
        <line num="256" count="1" type="stmt"/>
        <line num="260" count="1" type="stmt"/>
        <line num="282" count="15" type="cond" truecount="2" falsecount="0"/>
        <line num="283" count="15" type="stmt"/>
        <line num="284" count="15" type="cond" truecount="4" falsecount="0"/>
        <line num="285" count="15" type="cond" truecount="2" falsecount="0"/>
        <line num="287" count="15" type="cond" truecount="4" falsecount="0"/>
        <line num="291" count="15" type="stmt"/>
        <line num="296" count="1" type="stmt"/>
        <line num="302" count="15" type="cond" truecount="2" falsecount="0"/>
        <line num="303" count="10" type="stmt"/>
        <line num="320" count="5" type="stmt"/>
        <line num="356" count="1" type="stmt"/>
      </file>
      <file name="Radio.tsx" path="/home/krouser/Developer/opensource/components/src/components/primitives/Radio.tsx">
        <metrics statements="15" coveredstatements="15" conditionals="25" coveredconditionals="24" methods="4" coveredmethods="4"/>
        <line num="6" count="1" type="stmt"/>
        <line num="7" count="1" type="stmt"/>
        <line num="10" count="1" type="stmt"/>
        <line num="20" count="1" type="stmt"/>
        <line num="35" count="1" type="stmt"/>
        <line num="41" count="1" type="stmt"/>
        <line num="42" count="1" type="stmt"/>
        <line num="44" count="1" type="stmt"/>
        <line num="59" count="18" type="cond" truecount="5" falsecount="1"/>
        <line num="60" count="18" type="cond" truecount="2" falsecount="0"/>
        <line num="64" count="18" type="stmt"/>
        <line num="92" count="1" type="stmt"/>
        <line num="107" count="4" type="stmt"/>
        <line num="110" count="12" type="stmt"/>
        <line num="113" count="1" type="stmt"/>
      </file>
      <file name="Select.tsx" path="/home/krouser/Developer/opensource/components/src/components/primitives/Select.tsx">
        <metrics statements="35" coveredstatements="24" conditionals="49" coveredconditionals="30" methods="9" coveredmethods="5"/>
        <line num="61" count="1" type="stmt"/>
        <line num="69" count="1" type="stmt"/>
        <line num="73" count="1" type="stmt"/>
        <line num="76" count="1" type="stmt"/>
        <line num="78" count="1" type="stmt"/>
        <line num="83" count="1" type="stmt"/>
        <line num="92" count="1" type="stmt"/>
        <line num="100" count="1" type="stmt"/>
        <line num="108" count="0" type="stmt"/>
        <line num="109" count="0" type="cond" truecount="0" falsecount="2"/>
        <line num="110" count="0" type="stmt"/>
        <line num="120" count="8" type="stmt"/>
        <line num="140" count="1" type="stmt"/>
        <line num="151" count="8" type="cond" truecount="2" falsecount="0"/>
        <line num="153" count="8" type="stmt"/>
        <line num="179" count="1" type="stmt"/>
        <line num="191" count="0" type="stmt"/>
        <line num="213" count="1" type="stmt"/>
        <line num="215" count="0" type="stmt"/>
        <line num="216" count="0" type="cond" truecount="0" falsecount="2"/>
        <line num="218" count="0" type="stmt"/>
        <line num="238" count="0" type="stmt"/>
        <line num="239" count="0" type="stmt"/>
        <line num="241" count="0" type="stmt"/>
        <line num="256" count="1" type="stmt"/>
        <line num="277" count="8" type="cond" truecount="2" falsecount="0"/>
        <line num="280" count="8" type="cond" truecount="2" falsecount="0"/>
        <line num="283" count="8" type="stmt"/>
        <line num="287" count="1" type="stmt"/>
        <line num="295" count="8" type="stmt"/>
        <line num="302" count="24" type="stmt"/>
        <line num="309" count="8" type="cond" truecount="1" falsecount="1"/>
        <line num="310" count="8" type="stmt"/>
        <line num="322" count="0" type="stmt"/>
        <line num="336" count="1" type="stmt"/>
      </file>
      <file name="Textarea.tsx" path="/home/krouser/Developer/opensource/components/src/components/primitives/Textarea.tsx">
        <metrics statements="12" coveredstatements="10" conditionals="22" coveredconditionals="14" methods="3" coveredmethods="2"/>
        <line num="26" count="1" type="stmt"/>
        <line num="29" count="1" type="stmt"/>
        <line num="34" count="1" type="stmt"/>
        <line num="43" count="1" type="stmt"/>
        <line num="59" count="1" type="stmt"/>
        <line num="64" count="0" type="cond" truecount="0" falsecount="2"/>
        <line num="66" count="0" type="stmt"/>
        <line num="85" count="1" type="stmt"/>
        <line num="106" count="9" type="cond" truecount="2" falsecount="0"/>
        <line num="108" count="9" type="stmt"/>
        <line num="113" count="1" type="stmt"/>
        <line num="135" count="1" type="stmt"/>
      </file>
    </package>
    <package name="lib">
      <metrics statements="2" coveredstatements="2" conditionals="2" coveredconditionals="2" methods="2" coveredmethods="2"/>
      <file name="utils.ts" path="/home/krouser/Developer/opensource/components/src/lib/utils.ts">
        <metrics statements="2" coveredstatements="2" conditionals="2" coveredconditionals="2" methods="2" coveredmethods="2"/>
        <line num="7" count="58" type="stmt"/>
        <line num="16" count="40" type="cond" truecount="2" falsecount="0"/>
      </file>
    </package>
    <package name="theme">
      <metrics statements="120" coveredstatements="111" conditionals="56" coveredconditionals="47" methods="25" coveredmethods="21"/>
      <file name="contrast.ts" path="/home/krouser/Developer/opensource/components/src/theme/contrast.ts">
        <metrics statements="15" coveredstatements="11" conditionals="6" coveredconditionals="2" methods="6" coveredmethods="4"/>
        <line num="6" count="16536" type="stmt"/>
        <line num="7" count="16536" type="stmt"/>
        <line num="16" count="16536" type="stmt"/>
        <line num="17" count="49608" type="stmt"/>
        <line num="18" count="49608" type="cond" truecount="2" falsecount="0"/>
        <line num="20" count="16536" type="stmt"/>
        <line num="25" count="8268" type="stmt"/>
        <line num="26" count="8268" type="stmt"/>
        <line num="27" count="8268" type="stmt"/>
        <line num="28" count="8268" type="stmt"/>
        <line num="29" count="8268" type="stmt"/>
        <line num="36" count="0" type="cond" truecount="0" falsecount="2"/>
        <line num="37" count="0" type="cond" truecount="0" falsecount="2"/>
        <line num="38" count="0" type="stmt"/>
        <line num="43" count="0" type="stmt"/>
      </file>
      <file name="semantic.ts" path="/home/krouser/Developer/opensource/components/src/theme/semantic.ts">
        <metrics statements="105" coveredstatements="100" conditionals="50" coveredconditionals="45" methods="19" coveredmethods="17"/>
        <line num="23" count="115" type="stmt"/>
        <line num="24" count="345" type="cond" truecount="2" falsecount="0"/>
        <line num="25" count="115" type="cond" truecount="1" falsecount="1"/>
        <line num="27" count="115" type="stmt"/>
        <line num="35" count="2842" type="stmt"/>
        <line num="36" count="8526" type="stmt"/>
        <line num="37" count="8526" type="cond" truecount="2" falsecount="0"/>
        <line num="39" count="8526" type="stmt"/>
        <line num="47" count="115" type="stmt"/>
        <line num="48" count="115" type="stmt"/>
        <line num="49" count="115" type="stmt"/>
        <line num="50" count="115" type="stmt"/>
        <line num="58" count="3611" type="stmt"/>
        <line num="59" count="3611" type="stmt"/>
        <line num="60" count="3611" type="stmt"/>
        <line num="61" count="3611" type="stmt"/>
        <line num="62" count="3611" type="stmt"/>
        <line num="63" count="3611" type="stmt"/>
        <line num="64" count="3611" type="stmt"/>
        <line num="78" count="115" type="stmt"/>
        <line num="79" count="115" type="stmt"/>
        <line num="80" count="115" type="stmt"/>
        <line num="81" count="115" type="cond" truecount="2" falsecount="0"/>
        <line num="82" count="115" type="stmt"/>
        <line num="87" count="10833" type="stmt"/>
        <line num="91" count="0" type="stmt"/>
        <line num="92" count="0" type="stmt"/>
        <line num="98" count="2842" type="stmt"/>
        <line num="99" count="2842" type="stmt"/>
        <line num="104" count="2842" type="cond" truecount="2" falsecount="0"/>
        <line num="105" count="769" type="stmt"/>
        <line num="106" count="769" type="stmt"/>
        <line num="112" count="2842" type="stmt"/>
        <line num="116" count="1" type="stmt"/>
        <line num="117" count="8526" type="stmt"/>
        <line num="120" count="1" type="stmt"/>
        <line num="121" count="1" type="stmt"/>
        <line num="122" count="1" type="stmt"/>
        <line num="125" count="1" type="stmt"/>
        <line num="131" count="1" type="stmt"/>
        <line num="132" count="1" type="stmt"/>
        <line num="155" count="0" type="stmt"/>
        <line num="156" count="0" type="stmt"/>
        <line num="157" count="0" type="cond" truecount="0" falsecount="2"/>
        <line num="165" count="56" type="stmt"/>
        <line num="166" count="56" type="stmt"/>
        <line num="167" count="56" type="stmt"/>
        <line num="168" count="56" type="stmt"/>
        <line num="171" count="56" type="cond" truecount="2" falsecount="0"/>
        <line num="172" count="56" type="stmt"/>
        <line num="175" count="56" type="cond" truecount="2" falsecount="0"/>
        <line num="176" count="56" type="stmt"/>
        <line num="177" count="56" type="cond" truecount="2" falsecount="0"/>
        <line num="178" count="56" type="stmt"/>
        <line num="179" count="56" type="stmt"/>
        <line num="180" count="1481" type="stmt"/>
        <line num="181" count="1481" type="stmt"/>
        <line num="186" count="1481" type="cond" truecount="2" falsecount="0"/>
        <line num="187" count="1425" type="stmt"/>
        <line num="188" count="1425" type="cond" truecount="6" falsecount="0"/>
        <line num="190" count="2" type="stmt"/>
        <line num="191" count="2" type="cond" truecount="1" falsecount="1"/>
        <line num="196" count="56" type="stmt"/>
        <line num="197" count="56" type="stmt"/>
        <line num="198" count="56" type="stmt"/>
        <line num="199" count="56" type="stmt"/>
        <line num="200" count="307" type="stmt"/>
        <line num="201" count="56" type="stmt"/>
        <line num="202" count="56" type="cond" truecount="2" falsecount="0"/>
        <line num="204" count="251" type="cond" truecount="2" falsecount="0"/>
        <line num="205" count="251" type="cond" truecount="3" falsecount="1"/>
        <line num="206" count="251" type="stmt"/>
        <line num="207" count="251" type="stmt"/>
        <line num="208" count="251" type="stmt"/>
        <line num="211" count="375" type="stmt"/>
        <line num="216" count="56" type="stmt"/>
        <line num="217" count="56" type="stmt"/>
        <line num="218" count="56" type="stmt"/>
        <line num="219" count="375" type="stmt"/>
        <line num="220" count="375" type="cond" truecount="2" falsecount="0"/>
        <line num="221" count="319" type="stmt"/>
        <line num="230" count="56" type="stmt"/>
        <line num="231" count="415" type="stmt"/>
        <line num="232" count="415" type="stmt"/>
        <line num="233" count="415" type="stmt"/>
        <line num="234" count="415" type="stmt"/>
        <line num="235" count="415" type="cond" truecount="2" falsecount="0"/>
        <line num="238" count="56" type="stmt"/>
        <line num="239" count="56" type="stmt"/>
        <line num="240" count="56" type="cond" truecount="2" falsecount="0"/>
        <line num="241" count="42" type="stmt"/>
        <line num="242" count="289" type="stmt"/>
        <line num="243" count="540" type="stmt"/>
        <line num="244" count="540" type="cond" truecount="4" falsecount="0"/>
        <line num="245" count="528" type="stmt"/>
        <line num="246" count="528" type="cond" truecount="2" falsecount="0"/>
        <line num="252" count="169" type="stmt"/>
        <line num="253" count="359" type="stmt"/>
        <line num="254" count="359" type="cond" truecount="2" falsecount="0"/>
        <line num="255" count="38" type="stmt"/>
        <line num="256" count="38" type="stmt"/>
        <line num="257" count="38" type="stmt"/>
        <line num="262" count="56" type="stmt"/>
        <line num="265" count="56" type="stmt"/>
        <line num="267" count="56" type="stmt"/>
      </file>
    </package>
  </project>
</coverage>
