{"/home/krouser/Developer/opensource/components/src/components/feedback/Toast.tsx": {"path":"/home/krouser/Developer/opensource/components/src/components/feedback/Toast.tsx","statementMap":{"0":{"start":{"line":10,"column":2},"end":{"line":10,"column":null}},"1":{"start":{"line":14,"column":32},"end":{"line":14,"column":null}},"2":{"start":{"line":15,"column":31},"end":{"line":15,"column":null}},"3":{"start":{"line":17,"column":26},"end":{"line":17,"column":null}},"4":{"start":{"line":22,"column":4},"end":{"line":43,"column":null}},"5":{"start":{"line":54,"column":34},"end":{"line":54,"column":null}},"6":{"start":{"line":55,"column":36},"end":{"line":55,"column":null}},"7":{"start":{"line":57,"column":19},"end":{"line":57,"column":null}},"8":{"start":{"line":58,"column":17},"end":{"line":58,"column":null}},"9":{"start":{"line":60,"column":22},"end":{"line":63,"column":null}},"10":{"start":{"line":61,"column":4},"end":{"line":61,"column":null}},"11":{"start":{"line":62,"column":4},"end":{"line":62,"column":null}},"12":{"start":{"line":62,"column":21},"end":{"line":62,"column":41}},"13":{"start":{"line":66,"column":2},"end":{"line":70,"column":null}},"14":{"start":{"line":67,"column":4},"end":{"line":67,"column":null}},"15":{"start":{"line":67,"column":31},"end":{"line":67,"column":null}},"16":{"start":{"line":68,"column":18},"end":{"line":68,"column":null}},"17":{"start":{"line":69,"column":4},"end":{"line":69,"column":null}},"18":{"start":{"line":69,"column":17},"end":{"line":69,"column":null}},"19":{"start":{"line":72,"column":2},"end":{"line":101,"column":null}},"20":{"start":{"line":75,"column":26},"end":{"line":75,"column":null}},"21":{"start":{"line":76,"column":26},"end":{"line":76,"column":null}}},"fnMap":{"0":{"name":"Toast","decl":{"start":{"line":53,"column":16},"end":{"line":53,"column":22}},"loc":{"start":{"line":53,"column":72},"end":{"line":103,"column":null}},"line":53},"1":{"name":"(anonymous_1)","decl":{"start":{"line":60,"column":22},"end":{"line":60,"column":40}},"loc":{"start":{"line":60,"column":40},"end":{"line":63,"column":5}},"line":60},"2":{"name":"(anonymous_2)","decl":{"start":{"line":62,"column":4},"end":{"line":62,"column":21}},"loc":{"start":{"line":62,"column":21},"end":{"line":62,"column":41}},"line":62},"3":{"name":"(anonymous_3)","decl":{"start":{"line":66,"column":2},"end":{"line":66,"column":18}},"loc":{"start":{"line":66,"column":18},"end":{"line":70,"column":5}},"line":66},"4":{"name":"(anonymous_4)","decl":{"start":{"line":69,"column":4},"end":{"line":69,"column":17}},"loc":{"start":{"line":69,"column":17},"end":{"line":69,"column":null}},"line":69},"5":{"name":"(anonymous_5)","decl":{"start":{"line":75,"column":6},"end":{"line":75,"column":26}},"loc":{"start":{"line":75,"column":26},"end":{"line":75,"column":null}},"line":75},"6":{"name":"(anonymous_6)","decl":{"start":{"line":76,"column":6},"end":{"line":76,"column":26}},"loc":{"start":{"line":76,"column":26},"end":{"line":76,"column":null}},"line":76}},"branchMap":{"0":{"loc":{"start":{"line":57,"column":19},"end":{"line":57,"column":null}},"type":"binary-expr","locations":[{"start":{"line":57,"column":19},"end":{"line":57,"column":36}},{"start":{"line":57,"column":36},"end":{"line":57,"column":null}}],"line":57},"1":{"loc":{"start":{"line":67,"column":4},"end":{"line":67,"column":null}},"type":"if","locations":[{"start":{"line":67,"column":4},"end":{"line":67,"column":null}},{"start":{},"end":{}}],"line":67},"2":{"loc":{"start":{"line":67,"column":8},"end":{"line":67,"column":31}},"type":"binary-expr","locations":[{"start":{"line":67,"column":8},"end":{"line":67,"column":20}},{"start":{"line":67,"column":20},"end":{"line":67,"column":31}}],"line":67},"3":{"loc":{"start":{"line":74,"column":58},"end":{"line":74,"column":null}},"type":"cond-expr","locations":[{"start":{"line":74,"column":70},"end":{"line":74,"column":95}},{"start":{"line":74,"column":95},"end":{"line":74,"column":null}}],"line":74},"4":{"loc":{"start":{"line":85,"column":9},"end":{"line":93,"column":null}},"type":"binary-expr","locations":[{"start":{"line":85,"column":9},"end":{"line":85,"column":null}},{"start":{"line":86,"column":10},"end":{"line":93,"column":null}}],"line":85}},"s":{"0":1,"1":1,"2":1,"3":1,"4":1,"5":15,"6":15,"7":15,"8":15,"9":15,"10":4,"11":4,"12":4,"13":15,"14":15,"15":2,"16":13,"17":13,"18":13,"19":15,"20":1,"21":1},"f":{"0":15,"1":4,"2":4,"3":15,"4":13,"5":1,"6":1},"b":{"0":[15,14],"1":[2,13],"2":[15,14],"3":[1,14],"4":[15,1]},"meta":{"lastBranch":5,"lastFunction":7,"lastStatement":22,"seen":{"s:10:2:10:Infinity":0,"s:14:32:14:Infinity":1,"s:15:31:15:Infinity":2,"s:17:26:17:Infinity":3,"s:22:4:43:Infinity":4,"f:53:16:53:22":0,"s:54:34:54:Infinity":5,"s:55:36:55:Infinity":6,"s:57:19:57:Infinity":7,"b:57:19:57:36:57:36:57:Infinity":0,"s:58:17:58:Infinity":8,"s:60:22:63:Infinity":9,"f:60:22:60:40":1,"s:61:4:61:Infinity":10,"s:62:4:62:Infinity":11,"f:62:4:62:21":2,"s:62:21:62:41":12,"s:66:2:70:Infinity":13,"f:66:2:66:18":3,"b:67:4:67:Infinity:undefined:undefined:undefined:undefined":1,"s:67:4:67:Infinity":14,"b:67:8:67:20:67:20:67:31":2,"s:67:31:67:Infinity":15,"s:68:18:68:Infinity":16,"s:69:4:69:Infinity":17,"f:69:4:69:17":4,"s:69:17:69:Infinity":18,"s:72:2:101:Infinity":19,"b:74:70:74:95:74:95:74:Infinity":3,"f:75:6:75:26":5,"s:75:26:75:Infinity":20,"f:76:6:76:26":6,"s:76:26:76:Infinity":21,"b:85:9:85:Infinity:86:10:93:Infinity":4},"fnNames":{}}}
,"/home/krouser/Developer/opensource/components/src/components/overlays/Drawer.tsx": {"path":"/home/krouser/Developer/opensource/components/src/components/overlays/Drawer.tsx","statementMap":{"0":{"start":{"line":14,"column":2},"end":{"line":14,"column":null}},"1":{"start":{"line":17,"column":2},"end":{"line":17,"column":null}},"2":{"start":{"line":22,"column":2},"end":{"line":22,"column":null}},"3":{"start":{"line":25,"column":2},"end":{"line":25,"column":null}},"4":{"start":{"line":28,"column":2},"end":{"line":28,"column":null}},"5":{"start":{"line":30,"column":2},"end":{"line":30,"column":null}},"6":{"start":{"line":33,"column":2},"end":{"line":33,"column":null}},"7":{"start":{"line":38,"column":2},"end":{"line":45,"column":null}},"8":{"start":{"line":39,"column":4},"end":{"line":39,"column":null}},"9":{"start":{"line":39,"column":17},"end":{"line":39,"column":null}},"10":{"start":{"line":40,"column":10},"end":{"line":42,"column":null}},"11":{"start":{"line":41,"column":6},"end":{"line":41,"column":null}},"12":{"start":{"line":41,"column":30},"end":{"line":41,"column":null}},"13":{"start":{"line":43,"column":4},"end":{"line":43,"column":null}},"14":{"start":{"line":44,"column":4},"end":{"line":44,"column":null}},"15":{"start":{"line":44,"column":17},"end":{"line":44,"column":null}},"16":{"start":{"line":47,"column":2},"end":{"line":47,"column":null}},"17":{"start":{"line":47,"column":15},"end":{"line":47,"column":null}},"18":{"start":{"line":49,"column":2},"end":{"line":69,"column":null}},"19":{"start":{"line":54,"column":10},"end":{"line":54,"column":null}},"20":{"start":{"line":54,"column":44},"end":{"line":54,"column":null}},"21":{"start":{"line":62,"column":26},"end":{"line":62,"column":null}},"22":{"start":{"line":73,"column":0},"end":{"line":92,"column":null}},"23":{"start":{"line":80,"column":2},"end":{"line":90,"column":null}},"24":{"start":{"line":95,"column":0},"end":{"line":97,"column":null}},"25":{"start":{"line":96,"column":2},"end":{"line":96,"column":null}},"26":{"start":{"line":100,"column":0},"end":{"line":102,"column":null}},"27":{"start":{"line":101,"column":2},"end":{"line":101,"column":null}},"28":{"start":{"line":107,"column":18},"end":{"line":107,"column":null}},"29":{"start":{"line":108,"column":2},"end":{"line":108,"column":null}},"30":{"start":{"line":108,"column":16},"end":{"line":108,"column":null}},"31":{"start":{"line":109,"column":2},"end":{"line":112,"column":null}}},"fnMap":{"0":{"name":"Drawer","decl":{"start":{"line":36,"column":16},"end":{"line":36,"column":23}},"loc":{"start":{"line":36,"column":91},"end":{"line":70,"column":null}},"line":36},"1":{"name":"(anonymous_1)","decl":{"start":{"line":38,"column":2},"end":{"line":38,"column":18}},"loc":{"start":{"line":38,"column":18},"end":{"line":45,"column":5}},"line":38},"2":{"name":"(anonymous_2)","decl":{"start":{"line":40,"column":10},"end":{"line":40,"column":23}},"loc":{"start":{"line":40,"column":44},"end":{"line":42,"column":null}},"line":40},"3":{"name":"(anonymous_3)","decl":{"start":{"line":44,"column":4},"end":{"line":44,"column":17}},"loc":{"start":{"line":44,"column":17},"end":{"line":44,"column":null}},"line":44},"4":{"name":"(anonymous_4)","decl":{"start":{"line":53,"column":8},"end":{"line":53,"column":18}},"loc":{"start":{"line":53,"column":24},"end":{"line":55,"column":null}},"line":53},"5":{"name":"(anonymous_5)","decl":{"start":{"line":62,"column":10},"end":{"line":62,"column":20}},"loc":{"start":{"line":62,"column":26},"end":{"line":62,"column":null}},"line":62},"6":{"name":"DrawerHeader","decl":{"start":{"line":73,"column":25},"end":{"line":73,"column":38}},"loc":{"start":{"line":79,"column":21},"end":{"line":92,"column":null}},"line":79},"7":{"name":"DrawerBody","decl":{"start":{"line":95,"column":23},"end":{"line":95,"column":34}},"loc":{"start":{"line":95,"column":75},"end":{"line":97,"column":null}},"line":95},"8":{"name":"DrawerFooter","decl":{"start":{"line":100,"column":25},"end":{"line":100,"column":38}},"loc":{"start":{"line":100,"column":81},"end":{"line":102,"column":null}},"line":100},"9":{"name":"DrawerCloseButton","decl":{"start":{"line":106,"column":9},"end":{"line":106,"column":29}},"loc":{"start":{"line":106,"column":29},"end":{"line":114,"column":null}},"line":106}},"branchMap":{"0":{"loc":{"start":{"line":36,"column":52},"end":{"line":36,"column":65}},"type":"default-arg","locations":[{"start":{"line":36,"column":60},"end":{"line":36,"column":65}}],"line":36},"1":{"loc":{"start":{"line":39,"column":4},"end":{"line":39,"column":null}},"type":"if","locations":[{"start":{"line":39,"column":4},"end":{"line":39,"column":null}},{"start":{},"end":{}}],"line":39},"2":{"loc":{"start":{"line":41,"column":6},"end":{"line":41,"column":null}},"type":"if","locations":[{"start":{"line":41,"column":6},"end":{"line":41,"column":null}},{"start":{},"end":{}}],"line":41},"3":{"loc":{"start":{"line":47,"column":2},"end":{"line":47,"column":null}},"type":"if","locations":[{"start":{"line":47,"column":2},"end":{"line":47,"column":null}},{"start":{},"end":{}}],"line":47},"4":{"loc":{"start":{"line":54,"column":10},"end":{"line":54,"column":null}},"type":"if","locations":[{"start":{"line":54,"column":10},"end":{"line":54,"column":null}},{"start":{},"end":{}}],"line":54},"5":{"loc":{"start":{"line":60,"column":42},"end":{"line":60,"column":null}},"type":"binary-expr","locations":[{"start":{"line":60,"column":42},"end":{"line":60,"column":55}},{"start":{"line":60,"column":55},"end":{"line":60,"column":null}}],"line":60},"6":{"loc":{"start":{"line":76,"column":2},"end":{"line":76,"column":null}},"type":"default-arg","locations":[{"start":{"line":76,"column":14},"end":{"line":76,"column":null}}],"line":76},"7":{"loc":{"start":{"line":81,"column":41},"end":{"line":81,"column":null}},"type":"binary-expr","locations":[{"start":{"line":81,"column":41},"end":{"line":81,"column":54}},{"start":{"line":81,"column":54},"end":{"line":81,"column":null}}],"line":81},"8":{"loc":{"start":{"line":82,"column":7},"end":{"line":89,"column":21}},"type":"cond-expr","locations":[{"start":{"line":83,"column":8},"end":{"line":84,"column":null}},{"start":{"line":84,"column":10},"end":{"line":89,"column":21}}],"line":82},"9":{"loc":{"start":{"line":84,"column":10},"end":{"line":89,"column":21}},"type":"cond-expr","locations":[{"start":{"line":85,"column":8},"end":{"line":87,"column":9}},{"start":{"line":87,"column":8},"end":{"line":89,"column":21}}],"line":84},"10":{"loc":{"start":{"line":89,"column":7},"end":{"line":90,"column":null}},"type":"binary-expr","locations":[{"start":{"line":89,"column":7},"end":{"line":89,"column":21}},{"start":{"line":89,"column":21},"end":{"line":89,"column":34}},{"start":{"line":89,"column":34},"end":{"line":90,"column":null}}],"line":89},"11":{"loc":{"start":{"line":96,"column":44},"end":{"line":96,"column":64}},"type":"binary-expr","locations":[{"start":{"line":96,"column":44},"end":{"line":96,"column":57}},{"start":{"line":96,"column":57},"end":{"line":96,"column":64}}],"line":96},"12":{"loc":{"start":{"line":101,"column":46},"end":{"line":101,"column":66}},"type":"binary-expr","locations":[{"start":{"line":101,"column":46},"end":{"line":101,"column":59}},{"start":{"line":101,"column":59},"end":{"line":101,"column":66}}],"line":101},"13":{"loc":{"start":{"line":108,"column":2},"end":{"line":108,"column":null}},"type":"if","locations":[{"start":{"line":108,"column":2},"end":{"line":108,"column":null}},{"start":{},"end":{}}],"line":108}},"s":{"0":1,"1":1,"2":1,"3":1,"4":1,"5":1,"6":1,"7":10,"8":10,"9":1,"10":9,"11":1,"12":1,"13":9,"14":9,"15":9,"16":10,"17":1,"18":9,"19":1,"20":1,"21":2,"22":1,"23":9,"24":1,"25":9,"26":1,"27":9,"28":9,"29":9,"30":0,"31":9},"f":{"0":10,"1":10,"2":1,"3":9,"4":1,"5":2,"6":9,"7":9,"8":9,"9":9},"b":{"0":[10],"1":[1,9],"2":[1,0],"3":[1,9],"4":[1,0],"5":[9,9],"6":[9],"7":[9,9],"8":[0,9],"9":[9,0],"10":[9,9,9],"11":[9,9],"12":[9,9],"13":[0,9]},"meta":{"lastBranch":14,"lastFunction":10,"lastStatement":32,"seen":{"s:14:2:14:Infinity":0,"s:17:2:17:Infinity":1,"s:22:2:22:Infinity":2,"s:25:2:25:Infinity":3,"s:28:2:28:Infinity":4,"s:30:2:30:Infinity":5,"s:33:2:33:Infinity":6,"f:36:16:36:23":0,"b:36:60:36:65":0,"s:38:2:45:Infinity":7,"f:38:2:38:18":1,"b:39:4:39:Infinity:undefined:undefined:undefined:undefined":1,"s:39:4:39:Infinity":8,"s:39:17:39:Infinity":9,"s:40:10:42:Infinity":10,"f:40:10:40:23":2,"b:41:6:41:Infinity:undefined:undefined:undefined:undefined":2,"s:41:6:41:Infinity":11,"s:41:30:41:Infinity":12,"s:43:4:43:Infinity":13,"s:44:4:44:Infinity":14,"f:44:4:44:17":3,"s:44:17:44:Infinity":15,"b:47:2:47:Infinity:undefined:undefined:undefined:undefined":3,"s:47:2:47:Infinity":16,"s:47:15:47:Infinity":17,"s:49:2:69:Infinity":18,"f:53:8:53:18":4,"b:54:10:54:Infinity:undefined:undefined:undefined:undefined":4,"s:54:10:54:Infinity":19,"s:54:44:54:Infinity":20,"b:60:42:60:55:60:55:60:Infinity":5,"f:62:10:62:20":5,"s:62:26:62:Infinity":21,"s:73:0:92:Infinity":22,"f:73:25:73:38":6,"b:76:14:76:Infinity":6,"s:80:2:90:Infinity":23,"b:81:41:81:54:81:54:81:Infinity":7,"b:83:8:84:Infinity:84:10:89:21":8,"b:85:8:87:9:87:8:89:21":9,"b:89:7:89:21:89:21:89:34:89:34:90:Infinity":10,"s:95:0:97:Infinity":24,"f:95:23:95:34":7,"s:96:2:96:Infinity":25,"b:96:44:96:57:96:57:96:64":11,"s:100:0:102:Infinity":26,"f:100:25:100:38":8,"s:101:2:101:Infinity":27,"b:101:46:101:59:101:59:101:66":12,"f:106:9:106:29":9,"s:107:18:107:Infinity":28,"b:108:2:108:Infinity:undefined:undefined:undefined:undefined":13,"s:108:2:108:Infinity":29,"s:108:16:108:Infinity":30,"s:109:2:112:Infinity":31},"fnNames":{}}}
,"/home/krouser/Developer/opensource/components/src/components/overlays/Modal.tsx": {"path":"/home/krouser/Developer/opensource/components/src/components/overlays/Modal.tsx","statementMap":{"0":{"start":{"line":13,"column":2},"end":{"line":13,"column":null}},"1":{"start":{"line":16,"column":2},"end":{"line":16,"column":null}},"2":{"start":{"line":19,"column":2},"end":{"line":19,"column":null}},"3":{"start":{"line":20,"column":29},"end":{"line":20,"column":null}},"4":{"start":{"line":21,"column":32},"end":{"line":21,"column":null}},"5":{"start":{"line":25,"column":2},"end":{"line":25,"column":null}},"6":{"start":{"line":37,"column":2},"end":{"line":44,"column":null}},"7":{"start":{"line":38,"column":4},"end":{"line":38,"column":null}},"8":{"start":{"line":38,"column":17},"end":{"line":38,"column":null}},"9":{"start":{"line":39,"column":10},"end":{"line":41,"column":null}},"10":{"start":{"line":40,"column":6},"end":{"line":40,"column":null}},"11":{"start":{"line":40,"column":30},"end":{"line":40,"column":null}},"12":{"start":{"line":42,"column":4},"end":{"line":42,"column":null}},"13":{"start":{"line":43,"column":4},"end":{"line":43,"column":null}},"14":{"start":{"line":43,"column":17},"end":{"line":43,"column":null}},"15":{"start":{"line":46,"column":2},"end":{"line":46,"column":null}},"16":{"start":{"line":46,"column":15},"end":{"line":46,"column":null}},"17":{"start":{"line":48,"column":2},"end":{"line":68,"column":null}},"18":{"start":{"line":53,"column":10},"end":{"line":53,"column":null}},"19":{"start":{"line":53,"column":44},"end":{"line":53,"column":null}},"20":{"start":{"line":61,"column":26},"end":{"line":61,"column":null}},"21":{"start":{"line":72,"column":0},"end":{"line":96,"column":null}},"22":{"start":{"line":79,"column":18},"end":{"line":79,"column":32}},"23":{"start":{"line":81,"column":2},"end":{"line":94,"column":null}},"24":{"start":{"line":103,"column":2},"end":{"line":103,"column":null}},"25":{"start":{"line":105,"column":0},"end":{"line":107,"column":null}},"26":{"start":{"line":106,"column":2},"end":{"line":106,"column":null}},"27":{"start":{"line":111,"column":2},"end":{"line":111,"column":null}},"28":{"start":{"line":113,"column":0},"end":{"line":115,"column":null}},"29":{"start":{"line":114,"column":2},"end":{"line":114,"column":null}}},"fnMap":{"0":{"name":"Modal","decl":{"start":{"line":28,"column":16},"end":{"line":28,"column":22}},"loc":{"start":{"line":35,"column":15},"end":{"line":69,"column":null}},"line":35},"1":{"name":"(anonymous_1)","decl":{"start":{"line":37,"column":2},"end":{"line":37,"column":18}},"loc":{"start":{"line":37,"column":18},"end":{"line":44,"column":5}},"line":37},"2":{"name":"(anonymous_2)","decl":{"start":{"line":39,"column":10},"end":{"line":39,"column":23}},"loc":{"start":{"line":39,"column":44},"end":{"line":41,"column":null}},"line":39},"3":{"name":"(anonymous_3)","decl":{"start":{"line":43,"column":4},"end":{"line":43,"column":17}},"loc":{"start":{"line":43,"column":17},"end":{"line":43,"column":null}},"line":43},"4":{"name":"(anonymous_4)","decl":{"start":{"line":52,"column":8},"end":{"line":52,"column":18}},"loc":{"start":{"line":52,"column":24},"end":{"line":54,"column":null}},"line":52},"5":{"name":"(anonymous_5)","decl":{"start":{"line":61,"column":10},"end":{"line":61,"column":20}},"loc":{"start":{"line":61,"column":26},"end":{"line":61,"column":null}},"line":61},"6":{"name":"ModalHeader","decl":{"start":{"line":72,"column":24},"end":{"line":72,"column":36}},"loc":{"start":{"line":78,"column":21},"end":{"line":96,"column":null}},"line":78},"7":{"name":"ModalBody","decl":{"start":{"line":105,"column":22},"end":{"line":105,"column":32}},"loc":{"start":{"line":105,"column":73},"end":{"line":107,"column":null}},"line":105},"8":{"name":"ModalFooter","decl":{"start":{"line":113,"column":24},"end":{"line":113,"column":36}},"loc":{"start":{"line":113,"column":79},"end":{"line":115,"column":null}},"line":113}},"branchMap":{"0":{"loc":{"start":{"line":32,"column":2},"end":{"line":32,"column":null}},"type":"default-arg","locations":[{"start":{"line":32,"column":10},"end":{"line":32,"column":null}}],"line":32},"1":{"loc":{"start":{"line":33,"column":2},"end":{"line":33,"column":null}},"type":"default-arg","locations":[{"start":{"line":33,"column":14},"end":{"line":33,"column":null}}],"line":33},"2":{"loc":{"start":{"line":38,"column":4},"end":{"line":38,"column":null}},"type":"if","locations":[{"start":{"line":38,"column":4},"end":{"line":38,"column":null}},{"start":{},"end":{}}],"line":38},"3":{"loc":{"start":{"line":40,"column":6},"end":{"line":40,"column":null}},"type":"if","locations":[{"start":{"line":40,"column":6},"end":{"line":40,"column":null}},{"start":{},"end":{}}],"line":40},"4":{"loc":{"start":{"line":46,"column":2},"end":{"line":46,"column":null}},"type":"if","locations":[{"start":{"line":46,"column":2},"end":{"line":46,"column":null}},{"start":{},"end":{}}],"line":46},"5":{"loc":{"start":{"line":53,"column":10},"end":{"line":53,"column":null}},"type":"if","locations":[{"start":{"line":53,"column":10},"end":{"line":53,"column":null}},{"start":{},"end":{}}],"line":53},"6":{"loc":{"start":{"line":59,"column":42},"end":{"line":59,"column":null}},"type":"binary-expr","locations":[{"start":{"line":59,"column":42},"end":{"line":59,"column":55}},{"start":{"line":59,"column":55},"end":{"line":59,"column":null}}],"line":59},"7":{"loc":{"start":{"line":75,"column":2},"end":{"line":75,"column":null}},"type":"default-arg","locations":[{"start":{"line":75,"column":14},"end":{"line":75,"column":null}}],"line":75},"8":{"loc":{"start":{"line":82,"column":41},"end":{"line":82,"column":null}},"type":"binary-expr","locations":[{"start":{"line":82,"column":41},"end":{"line":82,"column":54}},{"start":{"line":82,"column":54},"end":{"line":82,"column":null}}],"line":82},"9":{"loc":{"start":{"line":83,"column":7},"end":{"line":87,"column":null}},"type":"cond-expr","locations":[{"start":{"line":84,"column":8},"end":{"line":85,"column":null}},{"start":{"line":85,"column":10},"end":{"line":87,"column":null}}],"line":83},"10":{"loc":{"start":{"line":85,"column":10},"end":{"line":87,"column":null}},"type":"cond-expr","locations":[{"start":{"line":86,"column":8},"end":{"line":87,"column":null}},{"start":{"line":87,"column":10},"end":{"line":87,"column":null}}],"line":85},"11":{"loc":{"start":{"line":88,"column":7},"end":{"line":91,"column":null}},"type":"binary-expr","locations":[{"start":{"line":88,"column":7},"end":{"line":88,"column":20}},{"start":{"line":88,"column":20},"end":{"line":88,"column":null}},{"start":{"line":89,"column":8},"end":{"line":91,"column":null}}],"line":88},"12":{"loc":{"start":{"line":106,"column":44},"end":{"line":106,"column":64}},"type":"binary-expr","locations":[{"start":{"line":106,"column":44},"end":{"line":106,"column":57}},{"start":{"line":106,"column":57},"end":{"line":106,"column":64}}],"line":106},"13":{"loc":{"start":{"line":114,"column":46},"end":{"line":114,"column":66}},"type":"binary-expr","locations":[{"start":{"line":114,"column":46},"end":{"line":114,"column":59}},{"start":{"line":114,"column":59},"end":{"line":114,"column":66}}],"line":114}},"s":{"0":1,"1":1,"2":1,"3":1,"4":1,"5":1,"6":10,"7":10,"8":1,"9":9,"10":1,"11":1,"12":9,"13":9,"14":9,"15":10,"16":1,"17":9,"18":1,"19":1,"20":2,"21":1,"22":9,"23":9,"24":1,"25":1,"26":9,"27":1,"28":1,"29":9},"f":{"0":10,"1":10,"2":1,"3":9,"4":1,"5":2,"6":9,"7":9,"8":9},"b":{"0":[10],"1":[10],"2":[1,9],"3":[1,0],"4":[1,9],"5":[1,0],"6":[9,9],"7":[9],"8":[9,9],"9":[0,9],"10":[9,0],"11":[9,9,9],"12":[9,9],"13":[9,9]},"meta":{"lastBranch":14,"lastFunction":9,"lastStatement":30,"seen":{"s:13:2:13:Infinity":0,"s:16:2:16:Infinity":1,"s:19:2:19:Infinity":2,"s:20:29:20:Infinity":3,"s:21:32:21:Infinity":4,"s:25:2:25:Infinity":5,"f:28:16:28:22":0,"b:32:10:32:Infinity":0,"b:33:14:33:Infinity":1,"s:37:2:44:Infinity":6,"f:37:2:37:18":1,"b:38:4:38:Infinity:undefined:undefined:undefined:undefined":2,"s:38:4:38:Infinity":7,"s:38:17:38:Infinity":8,"s:39:10:41:Infinity":9,"f:39:10:39:23":2,"b:40:6:40:Infinity:undefined:undefined:undefined:undefined":3,"s:40:6:40:Infinity":10,"s:40:30:40:Infinity":11,"s:42:4:42:Infinity":12,"s:43:4:43:Infinity":13,"f:43:4:43:17":3,"s:43:17:43:Infinity":14,"b:46:2:46:Infinity:undefined:undefined:undefined:undefined":4,"s:46:2:46:Infinity":15,"s:46:15:46:Infinity":16,"s:48:2:68:Infinity":17,"f:52:8:52:18":4,"b:53:10:53:Infinity:undefined:undefined:undefined:undefined":5,"s:53:10:53:Infinity":18,"s:53:44:53:Infinity":19,"b:59:42:59:55:59:55:59:Infinity":6,"f:61:10:61:20":5,"s:61:26:61:Infinity":20,"s:72:0:96:Infinity":21,"f:72:24:72:36":6,"b:75:14:75:Infinity":7,"s:79:18:79:32":22,"s:81:2:94:Infinity":23,"b:82:41:82:54:82:54:82:Infinity":8,"b:84:8:85:Infinity:85:10:87:Infinity":9,"b:86:8:87:Infinity:87:10:87:Infinity":10,"b:88:7:88:20:88:20:88:Infinity:89:8:91:Infinity":11,"s:103:2:103:Infinity":24,"s:105:0:107:Infinity":25,"f:105:22:105:32":7,"s:106:2:106:Infinity":26,"b:106:44:106:57:106:57:106:64":12,"s:111:2:111:Infinity":27,"s:113:0:115:Infinity":28,"f:113:24:113:36":8,"s:114:2:114:Infinity":29,"b:114:46:114:59:114:59:114:66":13},"fnNames":{}}}
,"/home/krouser/Developer/opensource/components/src/components/overlays/context.ts": {"path":"/home/krouser/Developer/opensource/components/src/components/overlays/context.ts","statementMap":{"0":{"start":{"line":3,"column":28},"end":{"line":3,"column":null}},"1":{"start":{"line":6,"column":14},"end":{"line":6,"column":null}},"2":{"start":{"line":7,"column":2},"end":{"line":7,"column":null}},"3":{"start":{"line":7,"column":12},"end":{"line":7,"column":null}},"4":{"start":{"line":8,"column":2},"end":{"line":8,"column":null}}},"fnMap":{"0":{"name":"useModalClose","decl":{"start":{"line":5,"column":16},"end":{"line":5,"column":32}},"loc":{"start":{"line":5,"column":32},"end":{"line":9,"column":null}},"line":5}},"branchMap":{"0":{"loc":{"start":{"line":7,"column":2},"end":{"line":7,"column":null}},"type":"if","locations":[{"start":{"line":7,"column":2},"end":{"line":7,"column":null}},{"start":{},"end":{}}],"line":7}},"s":{"0":2,"1":9,"2":9,"3":0,"4":9},"f":{"0":9},"b":{"0":[0,9]},"meta":{"lastBranch":1,"lastFunction":1,"lastStatement":5,"seen":{"s:3:28:3:Infinity":0,"f:5:16:5:32":0,"s:6:14:6:Infinity":1,"b:7:2:7:Infinity:undefined:undefined:undefined:undefined":0,"s:7:2:7:Infinity":2,"s:7:12:7:Infinity":3,"s:8:2:8:Infinity":4},"fnNames":{}}}
,"/home/krouser/Developer/opensource/components/src/components/primitives/Badge.tsx": {"path":"/home/krouser/Developer/opensource/components/src/components/primitives/Badge.tsx","statementMap":{"0":{"start":{"line":19,"column":52},"end":{"line":25,"column":null}},"1":{"start":{"line":29,"column":2},"end":{"line":34,"column":null}},"2":{"start":{"line":40,"column":2},"end":{"line":40,"column":null}},"3":{"start":{"line":44,"column":14},"end":{"line":46,"column":null}}},"fnMap":{"0":{"name":"BadgeRoot","decl":{"start":{"line":28,"column":9},"end":{"line":28,"column":19}},"loc":{"start":{"line":28,"column":86},"end":{"line":36,"column":null}},"line":28},"1":{"name":"BadgeIcon","decl":{"start":{"line":39,"column":9},"end":{"line":39,"column":19}},"loc":{"start":{"line":39,"column":65},"end":{"line":41,"column":null}},"line":39}},"branchMap":{"0":{"loc":{"start":{"line":28,"column":21},"end":{"line":28,"column":42}},"type":"default-arg","locations":[{"start":{"line":28,"column":31},"end":{"line":28,"column":42}}],"line":28},"1":{"loc":{"start":{"line":28,"column":52},"end":{"line":28,"column":86}},"type":"default-arg","locations":[{"start":{"line":28,"column":64},"end":{"line":28,"column":86}}],"line":28},"2":{"loc":{"start":{"line":39,"column":31},"end":{"line":39,"column":65}},"type":"default-arg","locations":[{"start":{"line":39,"column":43},"end":{"line":39,"column":65}}],"line":39}},"s":{"0":1,"1":7,"2":1,"3":1},"f":{"0":7,"1":1},"b":{"0":[7],"1":[7],"2":[1]},"meta":{"lastBranch":3,"lastFunction":2,"lastStatement":4,"seen":{"s:19:52:25:Infinity":0,"f:28:9:28:19":0,"b:28:31:28:42":0,"b:28:64:28:86":1,"s:29:2:34:Infinity":1,"f:39:9:39:19":1,"b:39:43:39:65":2,"s:40:2:40:Infinity":2,"s:44:14:46:Infinity":3},"fnNames":{}}}
,"/home/krouser/Developer/opensource/components/src/components/primitives/Button.tsx": {"path":"/home/krouser/Developer/opensource/components/src/components/primitives/Button.tsx","statementMap":{"0":{"start":{"line":27,"column":2},"end":{"line":27,"column":null}},"1":{"start":{"line":29,"column":55},"end":{"line":35,"column":null}},"2":{"start":{"line":37,"column":49},"end":{"line":41,"column":null}},"3":{"start":{"line":43,"column":51},"end":{"line":47,"column":null}},"4":{"start":{"line":50,"column":56},"end":{"line":54,"column":null}},"5":{"start":{"line":56,"column":59},"end":{"line":61,"column":null}},"6":{"start":{"line":77,"column":4},"end":{"line":79,"column":null}},"7":{"start":{"line":81,"column":24},"end":{"line":81,"column":null}},"8":{"start":{"line":83,"column":2},"end":{"line":91,"column":null}}},"fnMap":{"0":{"name":"Button","decl":{"start":{"line":63,"column":24},"end":{"line":63,"column":31}},"loc":{"start":{"line":75,"column":16},"end":{"line":93,"column":null}},"line":75}},"branchMap":{"0":{"loc":{"start":{"line":64,"column":2},"end":{"line":64,"column":null}},"type":"default-arg","locations":[{"start":{"line":64,"column":12},"end":{"line":64,"column":null}}],"line":64},"1":{"loc":{"start":{"line":65,"column":2},"end":{"line":65,"column":null}},"type":"default-arg","locations":[{"start":{"line":65,"column":9},"end":{"line":65,"column":null}}],"line":65},"2":{"loc":{"start":{"line":66,"column":2},"end":{"line":66,"column":null}},"type":"default-arg","locations":[{"start":{"line":66,"column":10},"end":{"line":66,"column":null}}],"line":66},"3":{"loc":{"start":{"line":67,"column":2},"end":{"line":67,"column":null}},"type":"default-arg","locations":[{"start":{"line":67,"column":14},"end":{"line":67,"column":null}}],"line":67},"4":{"loc":{"start":{"line":77,"column":4},"end":{"line":79,"column":null}},"type":"cond-expr","locations":[{"start":{"line":78,"column":8},"end":{"line":78,"column":null}},{"start":{"line":79,"column":8},"end":{"line":79,"column":null}}],"line":77},"5":{"loc":{"start":{"line":77,"column":4},"end":{"line":77,"column":null}},"type":"binary-expr","locations":[{"start":{"line":77,"column":4},"end":{"line":77,"column":13}},{"start":{"line":77,"column":13},"end":{"line":77,"column":null}}],"line":77},"6":{"loc":{"start":{"line":78,"column":24},"end":{"line":78,"column":49}},"type":"cond-expr","locations":[{"start":{"line":78,"column":32},"end":{"line":78,"column":44}},{"start":{"line":78,"column":44},"end":{"line":78,"column":49}}],"line":78},"7":{"loc":{"start":{"line":78,"column":53},"end":{"line":78,"column":93}},"type":"cond-expr","locations":[{"start":{"line":78,"column":63},"end":{"line":78,"column":89}},{"start":{"line":78,"column":89},"end":{"line":78,"column":93}}],"line":78},"8":{"loc":{"start":{"line":81,"column":24},"end":{"line":81,"column":null}},"type":"cond-expr","locations":[{"start":{"line":81,"column":46},"end":{"line":81,"column":74}},{"start":{"line":81,"column":74},"end":{"line":81,"column":null}}],"line":81},"9":{"loc":{"start":{"line":85,"column":135},"end":{"line":85,"column":null}},"type":"binary-expr","locations":[{"start":{"line":85,"column":135},"end":{"line":85,"column":148}},{"start":{"line":85,"column":148},"end":{"line":85,"column":null}}],"line":85}},"s":{"0":1,"1":1,"2":1,"3":1,"4":1,"5":1,"6":7,"7":7,"8":7},"f":{"0":7},"b":{"0":[7],"1":[7],"2":[7],"3":[7],"4":[1,6],"5":[7,6],"6":[1,0],"7":[1,0],"8":[7,0],"9":[7,6]},"meta":{"lastBranch":10,"lastFunction":1,"lastStatement":9,"seen":{"s:27:2:27:Infinity":0,"s:29:55:35:Infinity":1,"s:37:49:41:Infinity":2,"s:43:51:47:Infinity":3,"s:50:56:54:Infinity":4,"s:56:59:61:Infinity":5,"f:63:24:63:31":0,"b:64:12:64:Infinity":0,"b:65:9:65:Infinity":1,"b:66:10:66:Infinity":2,"b:67:14:67:Infinity":3,"s:77:4:79:Infinity":6,"b:78:8:78:Infinity:79:8:79:Infinity":4,"b:77:4:77:13:77:13:77:Infinity":5,"b:78:32:78:44:78:44:78:49":6,"b:78:63:78:89:78:89:78:93":7,"s:81:24:81:Infinity":7,"b:81:46:81:74:81:74:81:Infinity":8,"s:83:2:91:Infinity":8,"b:85:135:85:148:85:148:85:Infinity":9},"fnNames":{}}}
,"/home/krouser/Developer/opensource/components/src/components/primitives/Checkbox.tsx": {"path":"/home/krouser/Developer/opensource/components/src/components/primitives/Checkbox.tsx","statementMap":{"0":{"start":{"line":15,"column":28},"end":{"line":28,"column":null}},"1":{"start":{"line":19,"column":2},"end":{"line":26,"column":null}},"2":{"start":{"line":30,"column":22},"end":{"line":30,"column":null}},"3":{"start":{"line":31,"column":25},"end":{"line":31,"column":null}},"4":{"start":{"line":34,"column":2},"end":{"line":34,"column":null}},"5":{"start":{"line":36,"column":25},"end":{"line":39,"column":null}},"6":{"start":{"line":46,"column":26},"end":{"line":50,"column":null}},"7":{"start":{"line":53,"column":2},"end":{"line":53,"column":null}},"8":{"start":{"line":55,"column":21},"end":{"line":55,"column":null}},"9":{"start":{"line":57,"column":31},"end":{"line":61,"column":null}},"10":{"start":{"line":63,"column":26},"end":{"line":135,"column":null}},"11":{"start":{"line":86,"column":27},"end":{"line":94,"column":null}},"12":{"start":{"line":88,"column":6},"end":{"line":88,"column":null}},"13":{"start":{"line":88,"column":17},"end":{"line":88,"column":null}},"14":{"start":{"line":89,"column":6},"end":{"line":89,"column":null}},"15":{"start":{"line":90,"column":6},"end":{"line":91,"column":null}},"16":{"start":{"line":90,"column":37},"end":{"line":90,"column":null}},"17":{"start":{"line":91,"column":11},"end":{"line":91,"column":null}},"18":{"start":{"line":91,"column":20},"end":{"line":91,"column":null}},"19":{"start":{"line":96,"column":21},"end":{"line":96,"column":null}},"20":{"start":{"line":97,"column":48},"end":{"line":101,"column":null}},"21":{"start":{"line":103,"column":2},"end":{"line":133,"column":null}},"22":{"start":{"line":115,"column":29},"end":{"line":115,"column":null}},"23":{"start":{"line":137,"column":17},"end":{"line":139,"column":null}}},"fnMap":{"0":{"name":"CheckboxBase","decl":{"start":{"line":18,"column":11},"end":{"line":18,"column":24}},"loc":{"start":{"line":18,"column":67},"end":{"line":28,"column":1}},"line":18},"1":{"name":"Checkbox","decl":{"start":{"line":63,"column":79},"end":{"line":63,"column":null}},"loc":{"start":{"line":80,"column":2},"end":{"line":135,"column":1}},"line":80},"2":{"name":"(anonymous_2)","decl":{"start":{"line":86,"column":27},"end":{"line":86,"column":null}},"loc":{"start":{"line":87,"column":39},"end":{"line":92,"column":null}},"line":87},"3":{"name":"(anonymous_3)","decl":{"start":{"line":115,"column":8},"end":{"line":115,"column":19}},"loc":{"start":{"line":115,"column":29},"end":{"line":115,"column":null}},"line":115}},"branchMap":{"0":{"loc":{"start":{"line":18,"column":37},"end":{"line":18,"column":50}},"type":"default-arg","locations":[{"start":{"line":18,"column":44},"end":{"line":18,"column":50}}],"line":18},"1":{"loc":{"start":{"line":25,"column":113},"end":{"line":25,"column":null}},"type":"binary-expr","locations":[{"start":{"line":25,"column":113},"end":{"line":25,"column":126}},{"start":{"line":25,"column":126},"end":{"line":25,"column":null}}],"line":25},"2":{"loc":{"start":{"line":68,"column":4},"end":{"line":68,"column":null}},"type":"default-arg","locations":[{"start":{"line":68,"column":15},"end":{"line":68,"column":null}}],"line":68},"3":{"loc":{"start":{"line":70,"column":4},"end":{"line":70,"column":null}},"type":"default-arg","locations":[{"start":{"line":70,"column":20},"end":{"line":70,"column":null}}],"line":70},"4":{"loc":{"start":{"line":71,"column":4},"end":{"line":71,"column":null}},"type":"default-arg","locations":[{"start":{"line":71,"column":11},"end":{"line":71,"column":null}}],"line":71},"5":{"loc":{"start":{"line":72,"column":4},"end":{"line":72,"column":null}},"type":"default-arg","locations":[{"start":{"line":72,"column":22},"end":{"line":72,"column":null}}],"line":72},"6":{"loc":{"start":{"line":88,"column":6},"end":{"line":88,"column":null}},"type":"if","locations":[{"start":{"line":88,"column":6},"end":{"line":88,"column":null}},{"start":{},"end":{}}],"line":88},"7":{"loc":{"start":{"line":90,"column":6},"end":{"line":91,"column":null}},"type":"if","locations":[{"start":{"line":90,"column":6},"end":{"line":91,"column":null}},{"start":{"line":91,"column":11},"end":{"line":91,"column":null}}],"line":90},"8":{"loc":{"start":{"line":91,"column":11},"end":{"line":91,"column":null}},"type":"if","locations":[{"start":{"line":91,"column":11},"end":{"line":91,"column":null}},{"start":{},"end":{}}],"line":91},"9":{"loc":{"start":{"line":96,"column":21},"end":{"line":96,"column":null}},"type":"binary-expr","locations":[{"start":{"line":96,"column":21},"end":{"line":96,"column":28}},{"start":{"line":96,"column":28},"end":{"line":96,"column":null}}],"line":96},"10":{"loc":{"start":{"line":96,"column":28},"end":{"line":96,"column":null}},"type":"cond-expr","locations":[{"start":{"line":96,"column":35},"end":{"line":96,"column":56}},{"start":{"line":96,"column":56},"end":{"line":96,"column":null}}],"line":96},"11":{"loc":{"start":{"line":97,"column":48},"end":{"line":101,"column":null}},"type":"cond-expr","locations":[{"start":{"line":98,"column":6},"end":{"line":98,"column":null}},{"start":{"line":99,"column":6},"end":{"line":101,"column":null}}],"line":97},"12":{"loc":{"start":{"line":99,"column":6},"end":{"line":101,"column":null}},"type":"cond-expr","locations":[{"start":{"line":100,"column":8},"end":{"line":100,"column":null}},{"start":{"line":101,"column":8},"end":{"line":101,"column":null}}],"line":99},"13":{"loc":{"start":{"line":105,"column":37},"end":{"line":105,"column":70}},"type":"cond-expr","locations":[{"start":{"line":105,"column":48},"end":{"line":105,"column":67}},{"start":{"line":105,"column":67},"end":{"line":105,"column":70}}],"line":105},"14":{"loc":{"start":{"line":105,"column":73},"end":{"line":105,"column":null}},"type":"binary-expr","locations":[{"start":{"line":105,"column":73},"end":{"line":105,"column":86}},{"start":{"line":105,"column":86},"end":{"line":105,"column":null}}],"line":105},"15":{"loc":{"start":{"line":118,"column":22},"end":{"line":118,"column":null}},"type":"binary-expr","locations":[{"start":{"line":118,"column":22},"end":{"line":118,"column":38}},{"start":{"line":118,"column":38},"end":{"line":118,"column":null}}],"line":118},"16":{"loc":{"start":{"line":118,"column":38},"end":{"line":118,"column":null}},"type":"cond-expr","locations":[{"start":{"line":118,"column":70},"end":{"line":118,"column":77}},{"start":{"line":118,"column":77},"end":{"line":118,"column":null}}],"line":118},"17":{"loc":{"start":{"line":126,"column":9},"end":{"line":129,"column":null}},"type":"cond-expr","locations":[{"start":{"line":127,"column":10},"end":{"line":129,"column":21}},{"start":{"line":129,"column":10},"end":{"line":129,"column":null}}],"line":126},"18":{"loc":{"start":{"line":129,"column":10},"end":{"line":129,"column":null}},"type":"binary-expr","locations":[{"start":{"line":129,"column":10},"end":{"line":129,"column":21}},{"start":{"line":129,"column":21},"end":{"line":129,"column":null}}],"line":129},"19":{"loc":{"start":{"line":132,"column":7},"end":{"line":132,"column":null}},"type":"binary-expr","locations":[{"start":{"line":132,"column":7},"end":{"line":132,"column":16}},{"start":{"line":132,"column":16},"end":{"line":132,"column":null}}],"line":132}},"s":{"0":1,"1":0,"2":1,"3":1,"4":1,"5":1,"6":1,"7":1,"8":1,"9":1,"10":1,"11":8,"12":16,"13":8,"14":8,"15":8,"16":0,"17":8,"18":0,"19":8,"20":8,"21":8,"22":2,"23":1},"f":{"0":0,"1":8,"2":16,"3":2},"b":{"0":[0],"1":[0,0],"2":[8],"3":[8],"4":[8],"5":[8],"6":[8,8],"7":[0,8],"8":[0,8],"9":[8,8],"10":[0,8],"11":[1,7],"12":[1,6],"13":[2,6],"14":[8,8],"15":[8,8],"16":[0,8],"17":[1,7],"18":[7,1],"19":[8,1]},"meta":{"lastBranch":20,"lastFunction":4,"lastStatement":24,"seen":{"s:15:28:28:Infinity":0,"f:18:11:18:24":0,"b:18:44:18:50":0,"s:19:2:26:Infinity":1,"b:25:113:25:126:25:126:25:Infinity":1,"s:30:22:30:Infinity":2,"s:31:25:31:Infinity":3,"s:34:2:34:Infinity":4,"s:36:25:39:Infinity":5,"s:46:26:50:Infinity":6,"s:53:2:53:Infinity":7,"s:55:21:55:Infinity":8,"s:57:31:61:Infinity":9,"s:63:26:135:Infinity":10,"f:63:79:63:Infinity":1,"b:68:15:68:Infinity":2,"b:70:20:70:Infinity":3,"b:71:11:71:Infinity":4,"b:72:22:72:Infinity":5,"s:86:27:94:Infinity":11,"f:86:27:86:Infinity":2,"b:88:6:88:Infinity:undefined:undefined:undefined:undefined":6,"s:88:6:88:Infinity":12,"s:88:17:88:Infinity":13,"s:89:6:89:Infinity":14,"b:90:6:91:Infinity:91:11:91:Infinity":7,"s:90:6:91:Infinity":15,"s:90:37:90:Infinity":16,"b:91:11:91:Infinity:undefined:undefined:undefined:undefined":8,"s:91:11:91:Infinity":17,"s:91:20:91:Infinity":18,"s:96:21:96:Infinity":19,"b:96:21:96:28:96:28:96:Infinity":9,"b:96:35:96:56:96:56:96:Infinity":10,"s:97:48:101:Infinity":20,"b:98:6:98:Infinity:99:6:101:Infinity":11,"b:100:8:100:Infinity:101:8:101:Infinity":12,"s:103:2:133:Infinity":21,"b:105:48:105:67:105:67:105:70":13,"b:105:73:105:86:105:86:105:Infinity":14,"f:115:8:115:19":3,"s:115:29:115:Infinity":22,"b:118:22:118:38:118:38:118:Infinity":15,"b:118:70:118:77:118:77:118:Infinity":16,"b:127:10:129:21:129:10:129:Infinity":17,"b:129:10:129:21:129:21:129:Infinity":18,"b:132:7:132:16:132:16:132:Infinity":19,"s:137:17:139:Infinity":23},"fnNames":{}}}
,"/home/krouser/Developer/opensource/components/src/components/primitives/Input.tsx": {"path":"/home/krouser/Developer/opensource/components/src/components/primitives/Input.tsx","statementMap":{"0":{"start":{"line":50,"column":21},"end":{"line":50,"column":null}},"1":{"start":{"line":53,"column":2},"end":{"line":53,"column":null}},"2":{"start":{"line":55,"column":33},"end":{"line":55,"column":null}},"3":{"start":{"line":58,"column":2},"end":{"line":58,"column":null}},"4":{"start":{"line":61,"column":2},"end":{"line":61,"column":null}},"5":{"start":{"line":64,"column":2},"end":{"line":64,"column":null}},"6":{"start":{"line":66,"column":21},"end":{"line":69,"column":null}},"7":{"start":{"line":71,"column":33},"end":{"line":78,"column":null}},"8":{"start":{"line":80,"column":32},"end":{"line":87,"column":null}},"9":{"start":{"line":89,"column":33},"end":{"line":95,"column":null}},"10":{"start":{"line":97,"column":32},"end":{"line":103,"column":null}},"11":{"start":{"line":105,"column":22},"end":{"line":110,"column":null}},"12":{"start":{"line":113,"column":18},"end":{"line":113,"column":null}},"13":{"start":{"line":114,"column":2},"end":{"line":114,"column":null}},"14":{"start":{"line":114,"column":16},"end":{"line":114,"column":null}},"15":{"start":{"line":115,"column":2},"end":{"line":115,"column":null}},"16":{"start":{"line":118,"column":25},"end":{"line":141,"column":null}},"17":{"start":{"line":122,"column":29},"end":{"line":122,"column":null}},"18":{"start":{"line":124,"column":2},"end":{"line":139,"column":null}},"19":{"start":{"line":143,"column":25},"end":{"line":175,"column":null}},"20":{"start":{"line":156,"column":2},"end":{"line":173,"column":null}},"21":{"start":{"line":177,"column":28},"end":{"line":198,"column":null}},"22":{"start":{"line":181,"column":18},"end":{"line":181,"column":null}},"23":{"start":{"line":182,"column":27},"end":{"line":182,"column":null}},"24":{"start":{"line":183,"column":27},"end":{"line":183,"column":null}},"25":{"start":{"line":185,"column":2},"end":{"line":196,"column":null}},"26":{"start":{"line":206,"column":19},"end":{"line":206,"column":null}},"27":{"start":{"line":207,"column":16},"end":{"line":207,"column":null}},"28":{"start":{"line":209,"column":2},"end":{"line":220,"column":null}},"29":{"start":{"line":231,"column":2},"end":{"line":231,"column":null}},"30":{"start":{"line":232,"column":2},"end":{"line":239,"column":null}},"31":{"start":{"line":244,"column":2},"end":{"line":244,"column":null}},"32":{"start":{"line":245,"column":2},"end":{"line":248,"column":null}},"33":{"start":{"line":253,"column":32},"end":{"line":253,"column":null}},"34":{"start":{"line":254,"column":2},"end":{"line":257,"column":null}},"35":{"start":{"line":256,"column":18},"end":{"line":256,"column":null}},"36":{"start":{"line":256,"column":42},"end":{"line":256,"column":50}},"37":{"start":{"line":260,"column":23},"end":{"line":354,"column":null}},"38":{"start":{"line":282,"column":28},"end":{"line":282,"column":null}},"39":{"start":{"line":283,"column":19},"end":{"line":283,"column":null}},"40":{"start":{"line":284,"column":24},"end":{"line":284,"column":null}},"41":{"start":{"line":285,"column":29},"end":{"line":285,"column":null}},"42":{"start":{"line":287,"column":4},"end":{"line":290,"column":null}},"43":{"start":{"line":291,"column":55},"end":{"line":300,"column":null}},"44":{"start":{"line":296,"column":25},"end":{"line":296,"column":null}},"45":{"start":{"line":302,"column":2},"end":{"line":318,"column":null}},"46":{"start":{"line":303,"column":4},"end":{"line":316,"column":null}},"47":{"start":{"line":320,"column":2},"end":{"line":352,"column":null}},"48":{"start":{"line":356,"column":14},"end":{"line":362,"column":null}}},"fnMap":{"0":{"name":"useInputContext","decl":{"start":{"line":112,"column":9},"end":{"line":112,"column":25}},"loc":{"start":{"line":112,"column":44},"end":{"line":116,"column":null}},"line":112},"1":{"name":"InputBase","decl":{"start":{"line":118,"column":79},"end":{"line":118,"column":null}},"loc":{"start":{"line":121,"column":2},"end":{"line":141,"column":1}},"line":121},"2":{"name":"InputRoot","decl":{"start":{"line":143,"column":77},"end":{"line":143,"column":null}},"loc":{"start":{"line":155,"column":2},"end":{"line":175,"column":1}},"line":155},"3":{"name":"InputControl","decl":{"start":{"line":177,"column":85},"end":{"line":177,"column":null}},"loc":{"start":{"line":180,"column":2},"end":{"line":198,"column":1}},"line":180},"4":{"name":"InputStartAddon","decl":{"start":{"line":200,"column":16},"end":{"line":200,"column":32}},"loc":{"start":{"line":205,"column":25},"end":{"line":222,"column":null}},"line":205},"5":{"name":"InputEndAdornment","decl":{"start":{"line":224,"column":16},"end":{"line":224,"column":34}},"loc":{"start":{"line":230,"column":27},"end":{"line":241,"column":null}},"line":230},"6":{"name":"InputEndAction","decl":{"start":{"line":243,"column":16},"end":{"line":243,"column":31}},"loc":{"start":{"line":243,"column":87},"end":{"line":250,"column":null}},"line":243},"7":{"name":"usePasswordVisibility","decl":{"start":{"line":252,"column":9},"end":{"line":252,"column":31}},"loc":{"start":{"line":252,"column":49},"end":{"line":258,"column":null}},"line":252},"8":{"name":"(anonymous_8)","decl":{"start":{"line":256,"column":4},"end":{"line":256,"column":18}},"loc":{"start":{"line":256,"column":18},"end":{"line":256,"column":null}},"line":256},"9":{"name":"(anonymous_9)","decl":{"start":{"line":256,"column":18},"end":{"line":256,"column":30}},"loc":{"start":{"line":256,"column":42},"end":{"line":256,"column":50}},"line":256},"10":{"name":"Input","decl":{"start":{"line":260,"column":73},"end":{"line":260,"column":null}},"loc":{"start":{"line":281,"column":2},"end":{"line":354,"column":1}},"line":281},"11":{"name":"(anonymous_11)","decl":{"start":{"line":296,"column":4},"end":{"line":296,"column":15}},"loc":{"start":{"line":296,"column":25},"end":{"line":296,"column":null}},"line":296}},"branchMap":{"0":{"loc":{"start":{"line":114,"column":2},"end":{"line":114,"column":null}},"type":"if","locations":[{"start":{"line":114,"column":2},"end":{"line":114,"column":null}},{"start":{},"end":{}}],"line":114},"1":{"loc":{"start":{"line":119,"column":15},"end":{"line":119,"column":28}},"type":"default-arg","locations":[{"start":{"line":119,"column":22},"end":{"line":119,"column":28}}],"line":119},"2":{"loc":{"start":{"line":119,"column":28},"end":{"line":119,"column":54}},"type":"default-arg","locations":[{"start":{"line":119,"column":46},"end":{"line":119,"column":54}}],"line":119},"3":{"loc":{"start":{"line":122,"column":29},"end":{"line":122,"column":null}},"type":"cond-expr","locations":[{"start":{"line":122,"column":58},"end":{"line":122,"column":70}},{"start":{"line":122,"column":70},"end":{"line":122,"column":null}}],"line":122},"4":{"loc":{"start":{"line":128,"column":20},"end":{"line":128,"column":null}},"type":"binary-expr","locations":[{"start":{"line":128,"column":20},"end":{"line":128,"column":36}},{"start":{"line":128,"column":36},"end":{"line":128,"column":null}}],"line":128},"5":{"loc":{"start":{"line":128,"column":36},"end":{"line":128,"column":null}},"type":"cond-expr","locations":[{"start":{"line":128,"column":71},"end":{"line":128,"column":78}},{"start":{"line":128,"column":78},"end":{"line":128,"column":null}}],"line":128},"6":{"loc":{"start":{"line":145,"column":4},"end":{"line":145,"column":null}},"type":"default-arg","locations":[{"start":{"line":145,"column":17},"end":{"line":145,"column":null}}],"line":145},"7":{"loc":{"start":{"line":146,"column":4},"end":{"line":146,"column":null}},"type":"default-arg","locations":[{"start":{"line":146,"column":11},"end":{"line":146,"column":null}}],"line":146},"8":{"loc":{"start":{"line":147,"column":4},"end":{"line":147,"column":null}},"type":"default-arg","locations":[{"start":{"line":147,"column":22},"end":{"line":147,"column":null}}],"line":147},"9":{"loc":{"start":{"line":148,"column":4},"end":{"line":148,"column":null}},"type":"default-arg","locations":[{"start":{"line":148,"column":15},"end":{"line":148,"column":null}}],"line":148},"10":{"loc":{"start":{"line":149,"column":4},"end":{"line":149,"column":null}},"type":"default-arg","locations":[{"start":{"line":149,"column":15},"end":{"line":149,"column":null}}],"line":149},"11":{"loc":{"start":{"line":182,"column":27},"end":{"line":182,"column":null}},"type":"binary-expr","locations":[{"start":{"line":182,"column":27},"end":{"line":182,"column":39}},{"start":{"line":182,"column":39},"end":{"line":182,"column":null}}],"line":182},"12":{"loc":{"start":{"line":183,"column":27},"end":{"line":183,"column":null}},"type":"binary-expr","locations":[{"start":{"line":183,"column":27},"end":{"line":183,"column":39}},{"start":{"line":183,"column":39},"end":{"line":183,"column":null}}],"line":183},"13":{"loc":{"start":{"line":191,"column":20},"end":{"line":191,"column":null}},"type":"binary-expr","locations":[{"start":{"line":191,"column":20},"end":{"line":191,"column":36}},{"start":{"line":191,"column":36},"end":{"line":191,"column":null}}],"line":191},"14":{"loc":{"start":{"line":191,"column":36},"end":{"line":191,"column":null}},"type":"cond-expr","locations":[{"start":{"line":191,"column":76},"end":{"line":191,"column":83}},{"start":{"line":191,"column":83},"end":{"line":191,"column":null}}],"line":191},"15":{"loc":{"start":{"line":193,"column":27},"end":{"line":193,"column":null}},"type":"cond-expr","locations":[{"start":{"line":193,"column":46},"end":{"line":193,"column":51}},{"start":{"line":193,"column":51},"end":{"line":193,"column":null}}],"line":193},"16":{"loc":{"start":{"line":194,"column":27},"end":{"line":194,"column":null}},"type":"cond-expr","locations":[{"start":{"line":194,"column":46},"end":{"line":194,"column":51}},{"start":{"line":194,"column":51},"end":{"line":194,"column":null}}],"line":194},"17":{"loc":{"start":{"line":201,"column":2},"end":{"line":201,"column":null}},"type":"default-arg","locations":[{"start":{"line":201,"column":12},"end":{"line":201,"column":null}}],"line":201},"18":{"loc":{"start":{"line":215,"column":8},"end":{"line":215,"column":null}},"type":"cond-expr","locations":[{"start":{"line":215,"column":16},"end":{"line":215,"column":74}},{"start":{"line":215,"column":74},"end":{"line":215,"column":null}}],"line":215},"19":{"loc":{"start":{"line":225,"column":2},"end":{"line":225,"column":null}},"type":"default-arg","locations":[{"start":{"line":225,"column":15},"end":{"line":225,"column":null}}],"line":225},"20":{"loc":{"start":{"line":235,"column":19},"end":{"line":235,"column":null}},"type":"cond-expr","locations":[{"start":{"line":235,"column":32},"end":{"line":235,"column":39}},{"start":{"line":235,"column":39},"end":{"line":235,"column":null}}],"line":235},"21":{"loc":{"start":{"line":255,"column":13},"end":{"line":255,"column":null}},"type":"binary-expr","locations":[{"start":{"line":255,"column":13},"end":{"line":255,"column":24}},{"start":{"line":255,"column":24},"end":{"line":255,"column":null}}],"line":255},"22":{"loc":{"start":{"line":264,"column":4},"end":{"line":264,"column":null}},"type":"default-arg","locations":[{"start":{"line":264,"column":11},"end":{"line":264,"column":null}}],"line":264},"23":{"loc":{"start":{"line":266,"column":4},"end":{"line":266,"column":null}},"type":"default-arg","locations":[{"start":{"line":266,"column":17},"end":{"line":266,"column":null}}],"line":266},"24":{"loc":{"start":{"line":266,"column":17},"end":{"line":266,"column":null}},"type":"binary-expr","locations":[{"start":{"line":266,"column":17},"end":{"line":266,"column":28}},{"start":{"line":266,"column":28},"end":{"line":266,"column":null}}],"line":266},"25":{"loc":{"start":{"line":267,"column":4},"end":{"line":267,"column":null}},"type":"default-arg","locations":[{"start":{"line":267,"column":11},"end":{"line":267,"column":null}}],"line":267},"26":{"loc":{"start":{"line":268,"column":4},"end":{"line":268,"column":null}},"type":"default-arg","locations":[{"start":{"line":268,"column":22},"end":{"line":268,"column":null}}],"line":268},"27":{"loc":{"start":{"line":271,"column":4},"end":{"line":271,"column":null}},"type":"default-arg","locations":[{"start":{"line":271,"column":28},"end":{"line":271,"column":null}}],"line":271},"28":{"loc":{"start":{"line":274,"column":4},"end":{"line":274,"column":null}},"type":"default-arg","locations":[{"start":{"line":274,"column":25},"end":{"line":274,"column":null}}],"line":274},"29":{"loc":{"start":{"line":275,"column":4},"end":{"line":275,"column":null}},"type":"default-arg","locations":[{"start":{"line":275,"column":15},"end":{"line":275,"column":null}}],"line":275},"30":{"loc":{"start":{"line":276,"column":4},"end":{"line":276,"column":null}},"type":"default-arg","locations":[{"start":{"line":276,"column":15},"end":{"line":276,"column":null}}],"line":276},"31":{"loc":{"start":{"line":282,"column":28},"end":{"line":282,"column":null}},"type":"binary-expr","locations":[{"start":{"line":282,"column":28},"end":{"line":282,"column":51}},{"start":{"line":282,"column":51},"end":{"line":282,"column":null}}],"line":282},"32":{"loc":{"start":{"line":284,"column":24},"end":{"line":284,"column":null}},"type":"cond-expr","locations":[{"start":{"line":284,"column":64},"end":{"line":284,"column":73}},{"start":{"line":284,"column":73},"end":{"line":284,"column":null}}],"line":284},"33":{"loc":{"start":{"line":284,"column":24},"end":{"line":284,"column":64}},"type":"binary-expr","locations":[{"start":{"line":284,"column":24},"end":{"line":284,"column":45}},{"start":{"line":284,"column":45},"end":{"line":284,"column":64}}],"line":284},"34":{"loc":{"start":{"line":285,"column":29},"end":{"line":285,"column":null}},"type":"cond-expr","locations":[{"start":{"line":285,"column":58},"end":{"line":285,"column":70}},{"start":{"line":285,"column":70},"end":{"line":285,"column":null}}],"line":285},"35":{"loc":{"start":{"line":287,"column":4},"end":{"line":290,"column":null}},"type":"binary-expr","locations":[{"start":{"line":287,"column":4},"end":{"line":287,"column":null}},{"start":{"line":288,"column":4},"end":{"line":288,"column":null}},{"start":{"line":289,"column":4},"end":{"line":289,"column":null}},{"start":{"line":290,"column":4},"end":{"line":290,"column":null}}],"line":287},"36":{"loc":{"start":{"line":299,"column":20},"end":{"line":299,"column":null}},"type":"binary-expr","locations":[{"start":{"line":299,"column":20},"end":{"line":299,"column":36}},{"start":{"line":299,"column":36},"end":{"line":299,"column":null}}],"line":299},"37":{"loc":{"start":{"line":299,"column":36},"end":{"line":299,"column":null}},"type":"cond-expr","locations":[{"start":{"line":299,"column":71},"end":{"line":299,"column":78}},{"start":{"line":299,"column":78},"end":{"line":299,"column":null}}],"line":299},"38":{"loc":{"start":{"line":302,"column":2},"end":{"line":318,"column":null}},"type":"if","locations":[{"start":{"line":302,"column":2},"end":{"line":318,"column":null}},{"start":{},"end":{}}],"line":302},"39":{"loc":{"start":{"line":330,"column":9},"end":{"line":331,"column":null}},"type":"binary-expr","locations":[{"start":{"line":330,"column":9},"end":{"line":330,"column":null}},{"start":{"line":331,"column":10},"end":{"line":331,"column":null}}],"line":330},"40":{"loc":{"start":{"line":334,"column":9},"end":{"line":348,"column":null}},"type":"cond-expr","locations":[{"start":{"line":335,"column":10},"end":{"line":348,"column":24}},{"start":{"line":348,"column":10},"end":{"line":348,"column":null}}],"line":334},"41":{"loc":{"start":{"line":341,"column":26},"end":{"line":341,"column":null}},"type":"cond-expr","locations":[{"start":{"line":341,"column":45},"end":{"line":341,"column":63}},{"start":{"line":341,"column":63},"end":{"line":341,"column":null}}],"line":341},"42":{"loc":{"start":{"line":344,"column":15},"end":{"line":344,"column":null}},"type":"cond-expr","locations":[{"start":{"line":344,"column":34},"end":{"line":344,"column":60}},{"start":{"line":344,"column":59},"end":{"line":344,"column":null}}],"line":344},"43":{"loc":{"start":{"line":348,"column":10},"end":{"line":348,"column":null}},"type":"binary-expr","locations":[{"start":{"line":348,"column":10},"end":{"line":348,"column":37}},{"start":{"line":348,"column":37},"end":{"line":348,"column":null}}],"line":348},"44":{"loc":{"start":{"line":350,"column":9},"end":{"line":350,"column":null}},"type":"binary-expr","locations":[{"start":{"line":350,"column":9},"end":{"line":350,"column":39}},{"start":{"line":350,"column":39},"end":{"line":350,"column":null}}],"line":350}},"s":{"0":1,"1":1,"2":1,"3":1,"4":1,"5":1,"6":1,"7":1,"8":1,"9":1,"10":1,"11":1,"12":10,"13":10,"14":0,"15":10,"16":1,"17":0,"18":0,"19":1,"20":5,"21":1,"22":5,"23":5,"24":5,"25":5,"26":1,"27":1,"28":1,"29":1,"30":1,"31":3,"32":3,"33":15,"34":15,"35":1,"36":1,"37":1,"38":15,"39":15,"40":15,"41":15,"42":15,"43":15,"44":1,"45":15,"46":10,"47":5,"48":1},"f":{"0":10,"1":0,"2":5,"3":5,"4":1,"5":1,"6":3,"7":15,"8":1,"9":1,"10":15,"11":1},"b":{"0":[0,10],"1":[0],"2":[0],"3":[0,0],"4":[0,0],"5":[0,0],"6":[5],"7":[5],"8":[5],"9":[5],"10":[5],"11":[5,0],"12":[5,0],"13":[5,5],"14":[0,5],"15":[0,5],"16":[0,5],"17":[1],"18":[0,1],"19":[1],"20":[1,0],"21":[15,3],"22":[15],"23":[15],"24":[15,15],"25":[15],"26":[15],"27":[15],"28":[15],"29":[15],"30":[15],"31":[15,3],"32":[1,14],"33":[15,3],"34":[2,13],"35":[15,14,13,13],"36":[15,13],"37":[1,12],"38":[10,5],"39":[5,1],"40":[3,2],"41":[1,2],"42":[1,2],"43":[2,0],"44":[15,1]},"meta":{"lastBranch":45,"lastFunction":12,"lastStatement":49,"seen":{"s:50:21:50:Infinity":0,"s:53:2:53:Infinity":1,"s:55:33:55:Infinity":2,"s:58:2:58:Infinity":3,"s:61:2:61:Infinity":4,"s:64:2:64:Infinity":5,"s:66:21:69:Infinity":6,"s:71:33:78:Infinity":7,"s:80:32:87:Infinity":8,"s:89:33:95:Infinity":9,"s:97:32:103:Infinity":10,"s:105:22:110:Infinity":11,"f:112:9:112:25":0,"s:113:18:113:Infinity":12,"b:114:2:114:Infinity:undefined:undefined:undefined:undefined":0,"s:114:2:114:Infinity":13,"s:114:16:114:Infinity":14,"s:115:2:115:Infinity":15,"s:118:25:141:Infinity":16,"f:118:79:118:Infinity":1,"b:119:22:119:28":1,"b:119:46:119:54":2,"s:122:29:122:Infinity":17,"b:122:58:122:70:122:70:122:Infinity":3,"s:124:2:139:Infinity":18,"b:128:20:128:36:128:36:128:Infinity":4,"b:128:71:128:78:128:78:128:Infinity":5,"s:143:25:175:Infinity":19,"f:143:77:143:Infinity":2,"b:145:17:145:Infinity":6,"b:146:11:146:Infinity":7,"b:147:22:147:Infinity":8,"b:148:15:148:Infinity":9,"b:149:15:149:Infinity":10,"s:156:2:173:Infinity":20,"s:177:28:198:Infinity":21,"f:177:85:177:Infinity":3,"s:181:18:181:Infinity":22,"s:182:27:182:Infinity":23,"b:182:27:182:39:182:39:182:Infinity":11,"s:183:27:183:Infinity":24,"b:183:27:183:39:183:39:183:Infinity":12,"s:185:2:196:Infinity":25,"b:191:20:191:36:191:36:191:Infinity":13,"b:191:76:191:83:191:83:191:Infinity":14,"b:193:46:193:51:193:51:193:Infinity":15,"b:194:46:194:51:194:51:194:Infinity":16,"f:200:16:200:32":4,"b:201:12:201:Infinity":17,"s:206:19:206:Infinity":26,"s:207:16:207:Infinity":27,"s:209:2:220:Infinity":28,"b:215:16:215:74:215:74:215:Infinity":18,"f:224:16:224:34":5,"b:225:15:225:Infinity":19,"s:231:2:231:Infinity":29,"s:232:2:239:Infinity":30,"b:235:32:235:39:235:39:235:Infinity":20,"f:243:16:243:31":6,"s:244:2:244:Infinity":31,"s:245:2:248:Infinity":32,"f:252:9:252:31":7,"s:253:32:253:Infinity":33,"s:254:2:257:Infinity":34,"b:255:13:255:24:255:24:255:Infinity":21,"f:256:4:256:18":8,"s:256:18:256:Infinity":35,"f:256:18:256:30":9,"s:256:42:256:50":36,"s:260:23:354:Infinity":37,"f:260:73:260:Infinity":10,"b:264:11:264:Infinity":22,"b:266:17:266:Infinity":23,"b:266:17:266:28:266:28:266:Infinity":24,"b:267:11:267:Infinity":25,"b:268:22:268:Infinity":26,"b:271:28:271:Infinity":27,"b:274:25:274:Infinity":28,"b:275:15:275:Infinity":29,"b:276:15:276:Infinity":30,"s:282:28:282:Infinity":38,"b:282:28:282:51:282:51:282:Infinity":31,"s:283:19:283:Infinity":39,"s:284:24:284:Infinity":40,"b:284:64:284:73:284:73:284:Infinity":32,"b:284:24:284:45:284:45:284:64":33,"s:285:29:285:Infinity":41,"b:285:58:285:70:285:70:285:Infinity":34,"s:287:4:290:Infinity":42,"b:287:4:287:Infinity:288:4:288:Infinity:289:4:289:Infinity:290:4:290:Infinity":35,"s:291:55:300:Infinity":43,"f:296:4:296:15":11,"s:296:25:296:Infinity":44,"b:299:20:299:36:299:36:299:Infinity":36,"b:299:71:299:78:299:78:299:Infinity":37,"b:302:2:318:Infinity:undefined:undefined:undefined:undefined":38,"s:302:2:318:Infinity":45,"s:303:4:316:Infinity":46,"s:320:2:352:Infinity":47,"b:330:9:330:Infinity:331:10:331:Infinity":39,"b:335:10:348:24:348:10:348:Infinity":40,"b:341:45:341:63:341:63:341:Infinity":41,"b:344:34:344:60:344:59:344:Infinity":42,"b:348:10:348:37:348:37:348:Infinity":43,"b:350:9:350:39:350:39:350:Infinity":44,"s:356:14:362:Infinity":48},"fnNames":{}}}
,"/home/krouser/Developer/opensource/components/src/components/primitives/Radio.tsx": {"path":"/home/krouser/Developer/opensource/components/src/components/primitives/Radio.tsx","statementMap":{"0":{"start":{"line":6,"column":22},"end":{"line":6,"column":null}},"1":{"start":{"line":7,"column":25},"end":{"line":7,"column":null}},"2":{"start":{"line":10,"column":2},"end":{"line":10,"column":null}},"3":{"start":{"line":20,"column":4},"end":{"line":33,"column":null}},"4":{"start":{"line":35,"column":33},"end":{"line":39,"column":null}},"5":{"start":{"line":41,"column":22},"end":{"line":41,"column":null}},"6":{"start":{"line":42,"column":21},"end":{"line":42,"column":null}},"7":{"start":{"line":44,"column":23},"end":{"line":90,"column":null}},"8":{"start":{"line":59,"column":18},"end":{"line":59,"column":null}},"9":{"start":{"line":60,"column":21},"end":{"line":62,"column":null}},"10":{"start":{"line":64,"column":2},"end":{"line":88,"column":null}},"11":{"start":{"line":92,"column":14},"end":{"line":94,"column":null}},"12":{"start":{"line":107,"column":2},"end":{"line":121,"column":null}},"13":{"start":{"line":110,"column":8},"end":{"line":119,"column":null}},"14":{"start":{"line":113,"column":26},"end":{"line":113,"column":null}}},"fnMap":{"0":{"name":"Radio","decl":{"start":{"line":44,"column":73},"end":{"line":44,"column":null}},"loc":{"start":{"line":58,"column":2},"end":{"line":90,"column":1}},"line":58},"1":{"name":"RadioGroup","decl":{"start":{"line":98,"column":16},"end":{"line":98,"column":27}},"loc":{"start":{"line":106,"column":20},"end":{"line":123,"column":null}},"line":106},"2":{"name":"(anonymous_2)","decl":{"start":{"line":109,"column":15},"end":{"line":109,"column":20}},"loc":{"start":{"line":110,"column":8},"end":{"line":119,"column":null}},"line":110},"3":{"name":"(anonymous_3)","decl":{"start":{"line":113,"column":10},"end":{"line":113,"column":26}},"loc":{"start":{"line":113,"column":26},"end":{"line":113,"column":null}},"line":113}},"branchMap":{"0":{"loc":{"start":{"line":49,"column":4},"end":{"line":49,"column":null}},"type":"default-arg","locations":[{"start":{"line":49,"column":15},"end":{"line":49,"column":null}}],"line":49},"1":{"loc":{"start":{"line":53,"column":4},"end":{"line":53,"column":null}},"type":"default-arg","locations":[{"start":{"line":53,"column":14},"end":{"line":53,"column":null}}],"line":53},"2":{"loc":{"start":{"line":54,"column":4},"end":{"line":54,"column":null}},"type":"default-arg","locations":[{"start":{"line":54,"column":22},"end":{"line":54,"column":null}}],"line":54},"3":{"loc":{"start":{"line":59,"column":18},"end":{"line":59,"column":null}},"type":"binary-expr","locations":[{"start":{"line":59,"column":18},"end":{"line":59,"column":25}},{"start":{"line":59,"column":25},"end":{"line":59,"column":null}}],"line":59},"4":{"loc":{"start":{"line":59,"column":25},"end":{"line":59,"column":null}},"type":"cond-expr","locations":[{"start":{"line":59,"column":41},"end":{"line":59,"column":68}},{"start":{"line":59,"column":68},"end":{"line":59,"column":null}}],"line":59},"5":{"loc":{"start":{"line":59,"column":25},"end":{"line":59,"column":41}},"type":"binary-expr","locations":[{"start":{"line":59,"column":25},"end":{"line":59,"column":33}},{"start":{"line":59,"column":33},"end":{"line":59,"column":41}}],"line":59},"6":{"loc":{"start":{"line":60,"column":21},"end":{"line":62,"column":null}},"type":"cond-expr","locations":[{"start":{"line":61,"column":6},"end":{"line":61,"column":null}},{"start":{"line":62,"column":6},"end":{"line":62,"column":null}}],"line":60},"7":{"loc":{"start":{"line":66,"column":37},"end":{"line":66,"column":70}},"type":"cond-expr","locations":[{"start":{"line":66,"column":48},"end":{"line":66,"column":67}},{"start":{"line":66,"column":67},"end":{"line":66,"column":70}}],"line":66},"8":{"loc":{"start":{"line":66,"column":73},"end":{"line":66,"column":null}},"type":"binary-expr","locations":[{"start":{"line":66,"column":73},"end":{"line":66,"column":86}},{"start":{"line":66,"column":86},"end":{"line":66,"column":null}}],"line":66},"9":{"loc":{"start":{"line":74,"column":9},"end":{"line":74,"column":null}},"type":"binary-expr","locations":[{"start":{"line":74,"column":9},"end":{"line":74,"column":20}},{"start":{"line":74,"column":20},"end":{"line":74,"column":null}}],"line":74},"10":{"loc":{"start":{"line":87,"column":7},"end":{"line":87,"column":null}},"type":"binary-expr","locations":[{"start":{"line":87,"column":7},"end":{"line":87,"column":16}},{"start":{"line":87,"column":16},"end":{"line":87,"column":null}}],"line":87},"11":{"loc":{"start":{"line":103,"column":2},"end":{"line":103,"column":null}},"type":"default-arg","locations":[{"start":{"line":103,"column":13},"end":{"line":103,"column":null}}],"line":103},"12":{"loc":{"start":{"line":104,"column":2},"end":{"line":104,"column":null}},"type":"default-arg","locations":[{"start":{"line":104,"column":12},"end":{"line":104,"column":null}}],"line":104},"13":{"loc":{"start":{"line":108,"column":45},"end":{"line":108,"column":64}},"type":"binary-expr","locations":[{"start":{"line":108,"column":45},"end":{"line":108,"column":58}},{"start":{"line":108,"column":58},"end":{"line":108,"column":64}}],"line":108},"14":{"loc":{"start":{"line":115,"column":20},"end":{"line":115,"column":null}},"type":"binary-expr","locations":[{"start":{"line":115,"column":20},"end":{"line":115,"column":32}},{"start":{"line":115,"column":32},"end":{"line":115,"column":null}}],"line":115}},"s":{"0":1,"1":1,"2":1,"3":1,"4":1,"5":1,"6":1,"7":1,"8":18,"9":18,"10":18,"11":1,"12":4,"13":12,"14":1},"f":{"0":18,"1":4,"2":12,"3":1},"b":{"0":[18],"1":[18],"2":[18],"3":[18,18],"4":[18,0],"5":[18,18],"6":[4,14],"7":[1,17],"8":[18,18],"9":[18,4],"10":[18,13],"11":[4],"12":[4],"13":[4,4],"14":[12,12]},"meta":{"lastBranch":15,"lastFunction":4,"lastStatement":15,"seen":{"s:6:22:6:Infinity":0,"s:7:25:7:Infinity":1,"s:10:2:10:Infinity":2,"s:20:4:33:Infinity":3,"s:35:33:39:Infinity":4,"s:41:22:41:Infinity":5,"s:42:21:42:Infinity":6,"s:44:23:90:Infinity":7,"f:44:73:44:Infinity":0,"b:49:15:49:Infinity":0,"b:53:14:53:Infinity":1,"b:54:22:54:Infinity":2,"s:59:18:59:Infinity":8,"b:59:18:59:25:59:25:59:Infinity":3,"b:59:41:59:68:59:68:59:Infinity":4,"b:59:25:59:33:59:33:59:41":5,"s:60:21:62:Infinity":9,"b:61:6:61:Infinity:62:6:62:Infinity":6,"s:64:2:88:Infinity":10,"b:66:48:66:67:66:67:66:70":7,"b:66:73:66:86:66:86:66:Infinity":8,"b:74:9:74:20:74:20:74:Infinity":9,"b:87:7:87:16:87:16:87:Infinity":10,"s:92:14:94:Infinity":11,"f:98:16:98:27":1,"b:103:13:103:Infinity":11,"b:104:12:104:Infinity":12,"s:107:2:121:Infinity":12,"b:108:45:108:58:108:58:108:64":13,"f:109:15:109:20":2,"s:110:8:119:Infinity":13,"f:113:10:113:26":3,"s:113:26:113:Infinity":14,"b:115:20:115:32:115:32:115:Infinity":14},"fnNames":{}}}
,"/home/krouser/Developer/opensource/components/src/components/primitives/Select.tsx": {"path":"/home/krouser/Developer/opensource/components/src/components/primitives/Select.tsx","statementMap":{"0":{"start":{"line":61,"column":22},"end":{"line":61,"column":null}},"1":{"start":{"line":69,"column":2},"end":{"line":69,"column":null}},"2":{"start":{"line":73,"column":2},"end":{"line":73,"column":null}},"3":{"start":{"line":76,"column":2},"end":{"line":76,"column":null}},"4":{"start":{"line":78,"column":21},"end":{"line":81,"column":null}},"5":{"start":{"line":83,"column":32},"end":{"line":90,"column":null}},"6":{"start":{"line":92,"column":32},"end":{"line":98,"column":null}},"7":{"start":{"line":100,"column":22},"end":{"line":105,"column":null}},"8":{"start":{"line":108,"column":18},"end":{"line":108,"column":null}},"9":{"start":{"line":109,"column":2},"end":{"line":109,"column":null}},"10":{"start":{"line":109,"column":16},"end":{"line":109,"column":null}},"11":{"start":{"line":110,"column":2},"end":{"line":110,"column":null}},"12":{"start":{"line":120,"column":2},"end":{"line":129,"column":null}},"13":{"start":{"line":140,"column":26},"end":{"line":177,"column":null}},"14":{"start":{"line":151,"column":29},"end":{"line":151,"column":null}},"15":{"start":{"line":153,"column":2},"end":{"line":175,"column":null}},"16":{"start":{"line":179,"column":26},"end":{"line":211,"column":null}},"17":{"start":{"line":191,"column":2},"end":{"line":209,"column":null}},"18":{"start":{"line":213,"column":29},"end":{"line":230,"column":null}},"19":{"start":{"line":215,"column":20},"end":{"line":215,"column":null}},"20":{"start":{"line":216,"column":29},"end":{"line":216,"column":null}},"21":{"start":{"line":218,"column":4},"end":{"line":227,"column":null}},"22":{"start":{"line":238,"column":19},"end":{"line":238,"column":null}},"23":{"start":{"line":239,"column":16},"end":{"line":239,"column":null}},"24":{"start":{"line":241,"column":2},"end":{"line":252,"column":null}},"25":{"start":{"line":256,"column":24},"end":{"line":334,"column":null}},"26":{"start":{"line":277,"column":29},"end":{"line":277,"column":null}},"27":{"start":{"line":280,"column":26},"end":{"line":280,"column":null}},"28":{"start":{"line":283,"column":23},"end":{"line":293,"column":null}},"29":{"start":{"line":287,"column":63},"end":{"line":287,"column":null}},"30":{"start":{"line":295,"column":4},"end":{"line":306,"column":null}},"31":{"start":{"line":302,"column":8},"end":{"line":304,"column":null}},"32":{"start":{"line":309,"column":2},"end":{"line":320,"column":null}},"33":{"start":{"line":310,"column":4},"end":{"line":318,"column":null}},"34":{"start":{"line":322,"column":2},"end":{"line":332,"column":null}},"35":{"start":{"line":336,"column":15},"end":{"line":340,"column":null}}},"fnMap":{"0":{"name":"useSelectContext","decl":{"start":{"line":107,"column":9},"end":{"line":107,"column":26}},"loc":{"start":{"line":107,"column":45},"end":{"line":111,"column":null}},"line":107},"1":{"name":"SelectChevron","decl":{"start":{"line":119,"column":9},"end":{"line":119,"column":23}},"loc":{"start":{"line":119,"column":55},"end":{"line":131,"column":null}},"line":119},"2":{"name":"SelectBase","decl":{"start":{"line":140,"column":82},"end":{"line":140,"column":null}},"loc":{"start":{"line":150,"column":2},"end":{"line":177,"column":1}},"line":150},"3":{"name":"SelectRoot","decl":{"start":{"line":179,"column":79},"end":{"line":179,"column":null}},"loc":{"start":{"line":190,"column":2},"end":{"line":211,"column":1}},"line":190},"4":{"name":"SelectControl","decl":{"start":{"line":214,"column":11},"end":{"line":214,"column":25}},"loc":{"start":{"line":214,"column":94},"end":{"line":229,"column":null}},"line":214},"5":{"name":"SelectStartAddon","decl":{"start":{"line":232,"column":16},"end":{"line":232,"column":33}},"loc":{"start":{"line":237,"column":26},"end":{"line":254,"column":null}},"line":237},"6":{"name":"Select","decl":{"start":{"line":256,"column":76},"end":{"line":256,"column":null}},"loc":{"start":{"line":276,"column":2},"end":{"line":334,"column":1}},"line":276},"7":{"name":"(anonymous_7)","decl":{"start":{"line":287,"column":4},"end":{"line":287,"column":15}},"loc":{"start":{"line":287,"column":63},"end":{"line":287,"column":null}},"line":287},"8":{"name":"(anonymous_8)","decl":{"start":{"line":301,"column":15},"end":{"line":301,"column":20}},"loc":{"start":{"line":302,"column":8},"end":{"line":304,"column":null}},"line":302}},"branchMap":{"0":{"loc":{"start":{"line":109,"column":2},"end":{"line":109,"column":null}},"type":"if","locations":[{"start":{"line":109,"column":2},"end":{"line":109,"column":null}},{"start":{},"end":{}}],"line":109},"1":{"loc":{"start":{"line":143,"column":4},"end":{"line":143,"column":null}},"type":"default-arg","locations":[{"start":{"line":143,"column":11},"end":{"line":143,"column":null}}],"line":143},"2":{"loc":{"start":{"line":144,"column":4},"end":{"line":144,"column":null}},"type":"default-arg","locations":[{"start":{"line":144,"column":22},"end":{"line":144,"column":null}}],"line":144},"3":{"loc":{"start":{"line":145,"column":4},"end":{"line":145,"column":null}},"type":"default-arg","locations":[{"start":{"line":145,"column":15},"end":{"line":145,"column":null}}],"line":145},"4":{"loc":{"start":{"line":151,"column":29},"end":{"line":151,"column":null}},"type":"cond-expr","locations":[{"start":{"line":151,"column":58},"end":{"line":151,"column":70}},{"start":{"line":151,"column":70},"end":{"line":151,"column":null}}],"line":151},"5":{"loc":{"start":{"line":169,"column":22},"end":{"line":169,"column":null}},"type":"binary-expr","locations":[{"start":{"line":169,"column":22},"end":{"line":169,"column":38}},{"start":{"line":169,"column":38},"end":{"line":169,"column":null}}],"line":169},"6":{"loc":{"start":{"line":169,"column":38},"end":{"line":169,"column":null}},"type":"cond-expr","locations":[{"start":{"line":169,"column":73},"end":{"line":169,"column":80}},{"start":{"line":169,"column":80},"end":{"line":169,"column":null}}],"line":169},"7":{"loc":{"start":{"line":171,"column":30},"end":{"line":171,"column":null}},"type":"cond-expr","locations":[{"start":{"line":171,"column":41},"end":{"line":171,"column":46}},{"start":{"line":171,"column":46},"end":{"line":171,"column":null}}],"line":171},"8":{"loc":{"start":{"line":181,"column":4},"end":{"line":181,"column":null}},"type":"default-arg","locations":[{"start":{"line":181,"column":17},"end":{"line":181,"column":null}}],"line":181},"9":{"loc":{"start":{"line":182,"column":4},"end":{"line":182,"column":null}},"type":"default-arg","locations":[{"start":{"line":182,"column":11},"end":{"line":182,"column":null}}],"line":182},"10":{"loc":{"start":{"line":183,"column":4},"end":{"line":183,"column":null}},"type":"default-arg","locations":[{"start":{"line":183,"column":22},"end":{"line":183,"column":null}}],"line":183},"11":{"loc":{"start":{"line":184,"column":4},"end":{"line":184,"column":null}},"type":"default-arg","locations":[{"start":{"line":184,"column":15},"end":{"line":184,"column":null}}],"line":184},"12":{"loc":{"start":{"line":216,"column":29},"end":{"line":216,"column":null}},"type":"binary-expr","locations":[{"start":{"line":216,"column":29},"end":{"line":216,"column":41}},{"start":{"line":216,"column":41},"end":{"line":216,"column":null}}],"line":216},"13":{"loc":{"start":{"line":223,"column":22},"end":{"line":223,"column":null}},"type":"binary-expr","locations":[{"start":{"line":223,"column":22},"end":{"line":223,"column":38}},{"start":{"line":223,"column":38},"end":{"line":223,"column":null}}],"line":223},"14":{"loc":{"start":{"line":223,"column":38},"end":{"line":223,"column":null}},"type":"cond-expr","locations":[{"start":{"line":223,"column":78},"end":{"line":223,"column":85}},{"start":{"line":223,"column":85},"end":{"line":223,"column":null}}],"line":223},"15":{"loc":{"start":{"line":225,"column":30},"end":{"line":225,"column":null}},"type":"cond-expr","locations":[{"start":{"line":225,"column":49},"end":{"line":225,"column":54}},{"start":{"line":225,"column":54},"end":{"line":225,"column":null}}],"line":225},"16":{"loc":{"start":{"line":233,"column":2},"end":{"line":233,"column":null}},"type":"default-arg","locations":[{"start":{"line":233,"column":12},"end":{"line":233,"column":null}}],"line":233},"17":{"loc":{"start":{"line":247,"column":8},"end":{"line":247,"column":null}},"type":"cond-expr","locations":[{"start":{"line":247,"column":16},"end":{"line":247,"column":74}},{"start":{"line":247,"column":74},"end":{"line":247,"column":null}}],"line":247},"18":{"loc":{"start":{"line":262,"column":4},"end":{"line":262,"column":null}},"type":"default-arg","locations":[{"start":{"line":262,"column":15},"end":{"line":262,"column":null}}],"line":262},"19":{"loc":{"start":{"line":266,"column":4},"end":{"line":266,"column":null}},"type":"default-arg","locations":[{"start":{"line":266,"column":17},"end":{"line":266,"column":null}}],"line":266},"20":{"loc":{"start":{"line":266,"column":17},"end":{"line":266,"column":null}},"type":"binary-expr","locations":[{"start":{"line":266,"column":17},"end":{"line":266,"column":28}},{"start":{"line":266,"column":28},"end":{"line":266,"column":null}}],"line":266},"21":{"loc":{"start":{"line":267,"column":4},"end":{"line":267,"column":null}},"type":"default-arg","locations":[{"start":{"line":267,"column":11},"end":{"line":267,"column":null}}],"line":267},"22":{"loc":{"start":{"line":268,"column":4},"end":{"line":268,"column":null}},"type":"default-arg","locations":[{"start":{"line":268,"column":22},"end":{"line":268,"column":null}}],"line":268},"23":{"loc":{"start":{"line":270,"column":4},"end":{"line":270,"column":null}},"type":"default-arg","locations":[{"start":{"line":270,"column":28},"end":{"line":270,"column":null}}],"line":270},"24":{"loc":{"start":{"line":277,"column":29},"end":{"line":277,"column":null}},"type":"cond-expr","locations":[{"start":{"line":277,"column":58},"end":{"line":277,"column":70}},{"start":{"line":277,"column":70},"end":{"line":277,"column":null}}],"line":277},"25":{"loc":{"start":{"line":280,"column":26},"end":{"line":280,"column":null}},"type":"binary-expr","locations":[{"start":{"line":280,"column":26},"end":{"line":280,"column":55}},{"start":{"line":280,"column":55},"end":{"line":280,"column":null}}],"line":280},"26":{"loc":{"start":{"line":291,"column":20},"end":{"line":291,"column":null}},"type":"binary-expr","locations":[{"start":{"line":291,"column":20},"end":{"line":291,"column":36}},{"start":{"line":291,"column":36},"end":{"line":291,"column":null}}],"line":291},"27":{"loc":{"start":{"line":291,"column":36},"end":{"line":291,"column":null}},"type":"cond-expr","locations":[{"start":{"line":291,"column":71},"end":{"line":291,"column":78}},{"start":{"line":291,"column":78},"end":{"line":291,"column":null}}],"line":291},"28":{"loc":{"start":{"line":292,"column":24},"end":{"line":292,"column":null}},"type":"cond-expr","locations":[{"start":{"line":292,"column":42},"end":{"line":292,"column":47}},{"start":{"line":292,"column":47},"end":{"line":292,"column":null}}],"line":292},"29":{"loc":{"start":{"line":296,"column":7},"end":{"line":301,"column":15}},"type":"binary-expr","locations":[{"start":{"line":296,"column":7},"end":{"line":296,"column":null}},{"start":{"line":297,"column":8},"end":{"line":301,"column":15}}],"line":296},"30":{"loc":{"start":{"line":309,"column":2},"end":{"line":320,"column":null}},"type":"if","locations":[{"start":{"line":309,"column":2},"end":{"line":320,"column":null}},{"start":{},"end":{}}],"line":309}},"s":{"0":1,"1":1,"2":1,"3":1,"4":1,"5":1,"6":1,"7":1,"8":0,"9":0,"10":0,"11":0,"12":8,"13":1,"14":8,"15":8,"16":1,"17":0,"18":1,"19":0,"20":0,"21":0,"22":0,"23":0,"24":0,"25":1,"26":8,"27":8,"28":8,"29":1,"30":8,"31":24,"32":8,"33":8,"34":0,"35":1},"f":{"0":0,"1":8,"2":8,"3":0,"4":0,"5":0,"6":8,"7":1,"8":24},"b":{"0":[0,0],"1":[8],"2":[8],"3":[8],"4":[2,6],"5":[8,6],"6":[0,6],"7":[1,7],"8":[0],"9":[0],"10":[0],"11":[0],"
[...]
line":178,"column":15},"end":{"line":178,"column":null}},"60":{"start":{"line":179,"column":2},"end":{"line":193,"column":null}},"61":{"start":{"line":179,"column":19},"end":{"line":179,"column":22}},"62":{"start":{"line":180,"column":4},"end":{"line":180,"column":null}},"63":{"start":{"line":181,"column":21},"end":{"line":185,"column":null}},"64":{"start":{"line":186,"column":4},"end":{"line":186,"column":null}},"65":{"start":{"line":186,"column":33},"end":{"line":186,"column":null}},"66":{"start":{"line":187,"column":4},"end":{"line":187,"column":null}},"67":{"start":{"line":188,"column":4},"end":{"line":192,"column":null}},"68":{"start":{"line":190,"column":6},"end":{"line":190,"column":null}},"69":{"start":{"line":191,"column":6},"end":{"line":191,"column":null}},"70":{"start":{"line":196,"column":14},"end":{"line":196,"column":null}},"71":{"start":{"line":197,"column":14},"end":{"line":197,"column":null}},"72":{"start":{"line":198,"column":13},"end":{"line":198,"column":null}},"73":{"start":{"line":199,"column":8},"end":{"line":200,"column":null}},"74":{"start":{"line":200,"column":4},"end":{"line":200,"column":null}},"75":{"start":{"line":201,"column":14},"end":{"line":201,"column":null}},"76":{"start":{"line":202,"column":2},"end":{"line":209,"column":null}},"77":{"start":{"line":204,"column":18},"end":{"line":204,"column":null}},"78":{"start":{"line":205,"column":4},"end":{"line":205,"column":null}},"79":{"start":{"line":205,"column":37},"end":{"line":205,"column":null}},"80":{"start":{"line":206,"column":4},"end":{"line":206,"column":null}},"81":{"start":{"line":207,"column":4},"end":{"line":207,"column":null}},"82":{"start":{"line":208,"column":4},"end":{"line":208,"column":null}},"83":{"start":{"line":211,"column":8},"end":{"line":215,"column":null}},"84":{"start":{"line":211,"column":35},"end":{"line":215,"column":null}},"85":{"start":{"line":216,"column":13},"end":{"line":216,"column":null}},"86":{"start":{"line":217,"column":12},"end":{"line":217,"column":null}},"87":{"start":{"line":218,"column":2},"end":{"line":222,"column":null}},"88":{"start":{"line":218,"column":15},"end":{"line":218,"column":18}},"89":{"start":{"line":219,"column":4},"end":{"line":219,"column":null}},"90":{"start":{"line":220,"column":4},"end":{"line":220,"column":null}},"91":{"start":{"line":220,"column":65},"end":{"line":220,"column":null}},"92":{"start":{"line":221,"column":4},"end":{"line":221,"column":null}},"93":{"start":{"line":230,"column":8},"end":{"line":236,"column":null}},"94":{"start":{"line":231,"column":20},"end":{"line":231,"column":null}},"95":{"start":{"line":232,"column":18},"end":{"line":232,"column":null}},"96":{"start":{"line":233,"column":20},"end":{"line":233,"column":null}},"97":{"start":{"line":234,"column":18},"end":{"line":234,"column":null}},"98":{"start":{"line":235,"column":4},"end":{"line":235,"column":null}},"99":{"start":{"line":238,"column":18},"end":{"line":238,"column":null}},"100":{"start":{"line":239,"column":15},"end":{"line":239,"column":null}},"101":{"start":{"line":240,"column":2},"end":{"line":261,"column":null}},"102":{"start":{"line":241,"column":4},"end":{"line":260,"column":null}},"103":{"start":{"line":241,"column":11},"end":{"line":260,"column":null}},"104":{"start":{"line":241,"column":28},"end":{"line":241,"column":34}},"105":{"start":{"line":242,"column":6},"end":{"line":259,"column":null}},"106":{"start":{"line":243,"column":23},"end":{"line":243,"column":null}},"107":{"start":{"line":244,"column":8},"end":{"line":244,"column":null}},"108":{"start":{"line":244,"column":44},"end":{"line":244,"column":null}},"109":{"start":{"line":245,"column":22},"end":{"line":245,"column":null}},"110":{"start":{"line":246,"column":8},"end":{"line":252,"column":null}},"111":{"start":{"line":252,"column":10},"end":{"line":252,"column":null}},"112":{"start":{"line":253,"column":19},"end":{"line":253,"column":null}},"113":{"start":{"line":254,"column":8},"end":{"line":258,"column":null}},"114":{"start":{"line":255,"column":10},"end":{"line":255,"column":null}},"115":{"start":{"line":256,"column":10},"end":{"line":256,"column":null}},"116":{"start":{"line":257,"column":10},"end":{"line":257,"column":null}},"117":{"start":{"line":262,"column":26},"end":{"line":262,"column":null}},"118":{"start":{"line":265,"column":14},"end":{"line":265,"column":null}},"119":{"start":{"line":267,"column":2},"end":{"line":267,"column":null}}},"fnMap":{"0":{"name":"hexToLinear","decl":{"start":{"line":22,"column":9},"end":{"line":22,"column":21}},"loc":{"start":{"line":22,"column":60},"end":{"line":32,"column":null}},"line":22},"1":{"name":"(anonymous_1)","decl":{"start":{"line":24,"column":8},"end":{"line":24,"column":20}},"loc":{"start":{"line":24,"column":35},"end":{"line":24,"column":null}},"line":24},"2":{"name":"linearToHex","decl":{"start":{"line":34,"column":9},"end":{"line":34,"column":21}},"loc":{"start":{"line":34,"column":60},"end":{"line":40,"column":null}},"line":34},"3":{"name":"(anonymous_3)","decl":{"start":{"line":35,"column":8},"end":{"line":35,"column":18}},"loc":{"start":{"line":35,"column":32},"end":{"line":38,"column":null}},"line":35},"4":{"name":"(anonymous_4)","decl":{"start":{"line":39,"column":19},"end":{"line":39,"column":24}},"loc":{"start":{"line":39,"column":30},"end":{"line":39,"column":69}},"line":39},"5":{"name":"linearToOklab","decl":{"start":{"line":42,"column":9},"end":{"line":42,"column":23}},"loc":{"start":{"line":46,"column":2},"end":{"line":55,"column":null}},"line":46},"6":{"name":"oklabToLinear","decl":{"start":{"line":57,"column":9},"end":{"line":57,"column":23}},"loc":{"start":{"line":57,"column":86},"end":{"line":69,"column":null}},"line":57},"7":{"name":"hexToOklch","decl":{"start":{"line":77,"column":16},"end":{"line":77,"column":27}},"loc":{"start":{"line":77,"column":47},"end":{"line":83,"column":null}},"line":77},"8":{"name":"gamutOverflow","decl":{"start":{"line":86,"column":9},"end":{"line":86,"column":23}},"loc":{"start":{"line":86,"column":62},"end":{"line":88,"column":null}},"line":86},"9":{"name":"(anonymous_9)","decl":{"start":{"line":87,"column":28},"end":{"line":87,"column":33}},"loc":{"start":{"line":87,"column":39},"end":{"line":87,"column":58}},"line":87},"10":{"name":"oklchToHex","decl":{"start":{"line":90,"column":16},"end":{"line":90,"column":27}},"loc":{"start":{"line":90,"column":55},"end":{"line":93,"column":null}},"line":90},"11":{"name":"oklchToHexInGamut","decl":{"start":{"line":97,"column":16},"end":{"line":97,"column":34}},"loc":{"start":{"line":97,"column":56},"end":{"line":113,"column":null}},"line":97},"12":{"name":"(anonymous_12)","decl":{"start":{"line":116,"column":6},"end":{"line":116,"column":20}},"loc":{"start":{"line":117,"column":2},"end":{"line":117,"column":null}},"line":117},"13":{"name":"(anonymous_13)","decl":{"start":{"line":117,"column":6},"end":{"line":117,"column":11}},"loc":{"start":{"line":117,"column":17},"end":{"line":117,"column":44}},"line":117},"14":{"name":"chooseForeground","decl":{"start":{"line":154,"column":16},"end":{"line":154,"column":33}},"loc":{"start":{"line":154,"column":56},"end":{"line":158,"column":null}},"line":154},"15":{"name":"deriveSemanticPalette","decl":{"start":{"line":164,"column":16},"end":{"line":164,"column":38}},"loc":{"start":{"line":164,"column":77},"end":{"line":268,"column":null}},"line":164},"16":{"name":"(anonymous_16)","decl":{"start":{"line":199,"column":8},"end":{"line":199,"column":null}},"loc":{"start":{"line":200,"column":4},"end":{"line":200,"column":null}},"line":200},"17":{"name":"(anonymous_17)","decl":{"start":{"line":211,"column":8},"end":{"line":211,"column":18}},"loc":{"start":{"line":211,"column":35},"end":{"line":215,"column":null}},"line":211},"18":{"name":"(anonymous_18)","decl":{"start":{"line":230,"column":8},"end":{"line":230,"column":20}},"loc":{"start":{"line":230,"column":42},"end":{"line":236,"column":null}},"line":230}},"branchMap":{"0":{"loc":{"start":{"line":24,"column":35},"end":{"line":24,"column":null}},"type":"cond-expr","locations":[{"start":{"line":24,"column":50},"end":{"line":24,"column":64}},{"start":{"line":24,"column":54},"end":{"line":24,"column":null}}],"line":24},"1":{"loc":{"start":{"line":25,"column":2},"end":{"line":25,"column":null}},"type":"if","locations":[{"start":{"line":25,"column":2},"end":{"line":25,"column":null}},{"start":{},"end":{}}],"line":25},"2":{"loc":{"start":{"line":37,"column":29},"end":{"line":37,"column":88}},"type":"cond-expr","locations":[{"start":{"line":37,"column":45},"end":{"line":37,"column":78}},{"start":{"line":37,"column":78},"end":{"line":37,"column":88}}],"line":37},"3":{"loc":{"start":{"line":81,"column":2},"end":{"line":81,"column":null}},"type":"if","locations":[{"start":{"line":81,"column":2},"end":{"line":81,"column":null}},{"start":{},"end":{}}],"line":81},"4":{"loc":{"start":{"line":104,"column":9},"end":{"line":104,"column":49}},"type":"binary-expr","locations":[{"start":{"line":104,"column":9},"end":{"line":104,"column":38}},{"start":{"line":104,"column":38},"end":{"line":104,"column":49}}],"line":104},"5":{"loc":{"start":{"line":157,"column":9},"end":{"line":157,"column":null}},"type":"cond-expr","locations":[{"start":{"line":157,"column":28},"end":{"line":157,"column":40}},{"start":{"line":157,"column":40},"end":{"line":157,"column":null}}],"line":157},"6":{"loc":{"start":{"line":171,"column":59},"end":{"line":171,"column":87}},"type":"cond-expr","locations":[{"start":{"line":171,"column":74},"end":{"line":171,"column":81}},{"start":{"line":171,"column":81},"end":{"line":171,"column":87}}],"line":171},"7":{"loc":{"start":{"line":175,"column":16},"end":{"line":175,"column":null}},"type":"cond-expr","locations":[{"start":{"line":175,"column":31},"end":{"line":175,"column":38}},{"start":{"line":175,"column":38},"end":{"line":175,"column":null}}],"line":175},"8":{"loc":{"start":{"line":177,"column":15},"end":{"line":177,"column":null}},"type":"cond-expr","locations":[{"start":{"line":177,"column":30},"end":{"line":177,"column":38}},{"start":{"line":177,"column":38},"end":{"line":177,"column":null}}],"line":177},"9":{"loc":{"start":{"line":186,"column":4},"end":{"line":186,"column":null}},"type":"if","locations":[{"start":{"line":186,"column":4},"end":{"line":186,"column":null}},{"start":{},"end":{}}],"line":186},"10":{"loc":{"start":{"line":188,"column":4},"end":{"line":192,"column":null}},"type":"if","locations":[{"start":{"line":188,"column":4},"end":{"line":192,"column":null}},{"start":{},"end":{}}],"line":188},"11":{"loc":{"start":{"line":188,"column":9},"end":{"line":188,"column":89}},"type":"binary-expr","locations":[{"start":{"line":188,"column":9},"end":{"line":188,"column":25}},{"start":{"line":188,"column":25},"end":{"line":188,"column":55}},{"start":{"line":188,"column":55},"end":{"line":188,"column":72}},{"start":{"line":188,"column":72},"end":{"line":188,"column":89}}],"line":188},"12":{"loc":{"start":{"line":191,"column":16},"end":{"line":191,"column":null}},"type":"cond-expr","locations":[{"start":{"line":191,"column":31},"end":{"line":191,"column":38}},{"start":{"line":191,"column":38},"end":{"line":191,"column":null}}],"line":191},"13":{"loc":{"start":{"line":202,"column":9},"end":{"line":202,"column":57}},"type":"binary-expr","locations":[{"start":{"line":202,"column":9},"end":{"line":202,"column":44}},{"start":{"line":202,"column":44},"end":{"line":202,"column":57}}],"line":202},"14":{"loc":{"start":{"line":204,"column":27},"end":{"line":204,"column":null}},"type":"cond-expr","locations":[{"start":{"line":204,"column":42},"end":{"line":204,"column":50}},{"start":{"line":204,"column":50},"end":{"line":204,"column":null}}],"line":204},"15":{"loc":{"start":{"line":205,"column":4},"end":{"line":205,"column":null}},"type":"if","locations":[{"start":{"line":205,"column":4},"end":{"line":205,"column":null}},{"start":{},"end":{}}],"line":205},"16":{"loc":{"start":{"line":205,"column":8},"end":{"line":205,"column":37}},"type":"binary-expr","locations":[{"start":{"line":205,"column":8},"end":{"line":205,"column":23}},{"start":{"line":205,"column":23},"end":{"line":205,"column":37}}],"line":205},"17":{"loc":{"start":{"line":220,"column":4},"end":{"line":220,"column":null}},"type":"if","locations":[{"start":{"line":220,"column":4},"end":{"line":220,"column":null}},{"start":{},"end":{}}],"line":220},"18":{"loc":{"start":{"line":235,"column":11},"end":{"line":235,"column":null}},"type":"cond-expr","locations":[{"start":{"line":235,"column":30},"end":{"line":235,"column":66}},{"start":{"line":235,"column":66},"end":{"line":235,"column":null}}],"line":235},"19":{"loc":{"start":{"line":240,"column":2},"end":{"line":261,"column":null}},"type":"if","locations":[{"start":{"line":240,"column":2},"end":{"line":261,"column":null}},{"start":{},"end":{}}],"line":240},"20":{"loc":{"start":{"line":244,"column":8},"end":{"line":244,"column":null}},"type":"if","locations":[{"start":{"line":244,"column":8},"end":{"line":244,"column":null}},{"start":{},"end":{}}],"line":244},"21":{"loc":{"start":{"line":244,"column":12},"end":{"line":244,"column":44}},"type":"binary-expr","locations":[{"start":{"line":244,"column":12},"end":{"line":244,"column":29}},{"start":{"line":244,"column":29},"end":{"line":244,"column":44}}],"line":244},"22":{"loc":{"start":{"line":246,"column":8},"end":{"line":252,"column":null}},"type":"if","locations":[{"start":{"line":246,"column":8},"end":{"line":252,"column":null}},{"start":{},"end":{}}],"line":246},"23":{"loc":{"start":{"line":254,"column":8},"end":{"line":258,"column":null}},"type":"if","locations":[{"start":{"line":254,"column":8},"end":{"line":258,"column":null}},{"start":{},"end":{}}],"line":254}},"s":{"0":115,"1":115,"2":345,"3":115,"4":0,"5":115,"6":2842,"7":8526,"8":8526,"9":2842,"10":8526,"11":115,"12":115,"13":115,"14":115,"15":3611,"16":3611,"17":3611,"18":3611,"19":3611,"20":3611,"21":3611,"22":115,"23":115,"24":115,"25":115,"26":33,"27":115,"28":3611,"29":10833,"30":0,"31":0,"32":2842,"33":2842,"34":2842,"35":769,"36":769,"37":2842,"38":1,"39":2842,"40":8526,"41":1,"42":1,"43":1,"44":1,"45":1,"46":1,"47":0,"48":0,"49":0,"50":56,"51":56,"52":56,"53":56,"54":56,"55":56,"56":56,"57":56,"58":56,"59":56,"60":56,"61":56,"62":1481,"63":1481,"64":1481,"65":56,"66":1425,"67":1425,"68":2,"69":2,"70":56,"71":56,"72":56,"73":56,"74":307,"75":56,"76":56,"77":251,"78":251,"79":0,"80":251,"81":251,"82":251,"83":56,"84":375,"85":56,"86":56,"87":56,"88":56,"89":375,"90":375,"91":56,"92":319,"93":56,"94":415,"95":415,"96":415,"97":415,"98":415,"99":56,"100":56,"101":56,"102":42,"103":42,"104":42,"105":289,"106":540,"107":540,"108":12,"109":528,"110":528,"111":169,"112":359,"113":359,"114":38,"115":38,"116":38,"117":56,"118":56,"119":56},"f":{"0":115,"1":345,"2":2842,"3":8526,"4":8526,"5":115,"6":3611,"7":115,"8":3611,"9":10833,"10":0,"11":2842,"12":2842,"13":8526,"14":0,"15":56,"16":307,"17":375,"18":415},"b":{"0":[10,335],"1":[0,115],"2":[7663,863],"3":[33,82],"4":[2842,769],"5":[0,0],"6":[40,16],"7":[40,16],"8":[40,16],"9":[56,1425],"10":[2,1423],"11":[1425,948,1423,477],"12":[2,0],"13":[56,251],"14":[247,4],"15":[0,251],"16":[251,251],"17":[56,319],"18":[267,148],"19":[42,14],"20":[12,528],"21":[540,540],"22":[169,359],"23":[38,321]},"meta":{"lastBranch":24,"lastFunction":19,"lastStatement":120,"seen":{"f:22:9:22:21":0,"s:23:12:23:Infinity":0,"s:24:8:24:Infinity":1,"f:24:8:24:20":1,"s:24:35:24:Infinity":2,"b:24:50:24:64:24:54:24:Infinity":0,"b:25:2:25:Infinity:undefined:undefined:undefined:undefined":1,"s:25:2:25:Infinity":3,"s:25:10:25:Infinity":4,"s:27:2:31:Infinity":5,"f:34:9:34:21":2,"s:35:8:38:Infinity":6,"f:35:8:35:18":3,"s:36:14:36:Infinity":7,"s:37:4:37:Infinity":8,"b:37:45:37:78:37:78:37:88":2,"s:39:2:39:Infinity":9,"f:39:19:39:24":4,"s:39:30:39:69":10,"f:42:9:42:23":5,"s:47:12:47:Infinity":11,"s:48:12:48:Infinity":12,"s:49:12:49:Infinity":13,"s:50:2:54:Infinity":14,"f:57:9:57:23":6,"s:58:13:58:Infinity":15,"s:59:13:59:Infinity":16,"s:60:13:60:Infinity":17,"s:61:12:61:Infinity":18,"s:62:12:62:Infinity":19,"s:63:12:63:Infinity":20,"s:64:2:68:Infinity":21,"f:77:16:77:27":7,"s:78:26:78:Infinity":22,"s:79:12:79:Infinity":23,"s:80:11:80:Infinity":24,"b:81:2:81:Infinity:undefined:undefined:undefined:undefined":3,"s:81:2:81:Infinity":25,"s:81:13:81:Infinity":26,"s:82:2:82:Infinity":27,"f:86:9:86:23":8,"s:87:2:87:Infinity":28,"f:87:28:87:33":9,"s:87:39:87:58":29,"f:90:16:90:27":10,"s:91:15:91:Infinity":30,"s:92:2:92:Infinity":31,"f:97:16:97:34":11,"s:98:14:98:Infinity":32,"s:99:12:103:Infinity":33,"s:104:2:111:Infinity":34,"b:104:9:104:38:104:38:104:49":4,"s:105:4:105:Infinity":35,"s:106:4:110:Infinity":36,"s:112:2:112:Infinity":37,"s:116:6:117:Infinity":38,"f:116:6:116:20":12,"s:117:2:117:Infinity":39,"f:117:6:117:11":13,"s:117:17:117:44":40,"s:120:20:120:Infinity":41,"s:121:23:121:Infinity":42,"s:122:12:122:Infinity":43,"s:125:54:130:Infinity":44,"s:131:23:131:Infinity":45,"s:132:38:132:Infinity":46,"f:154:16:154:33":14,"s:155:18:155:Infinity":47,"s:156:16:156:Infinity":48,"s:157:2:157:Infinity":49,"b:157:28:157:40:157:40:157:Infinity":5,"f:164:16:164:38":15,"s:165:17:165:Infinity":50,"s:166:20:166:Infinity":51,"s:167:12:167:Infinity":52,"s:168:23:168:Infinity":53,"s:171:14:171:Infinity":54,"b:171:74:171:81:171:81:171:87":6,"s:172:13:172:Infinity":55,"s:175:16:175:Infinity":56,"b:175:31:175:38:175:38:175:Infinity":7,"s:176:16:176:Infinity":57,"s:177:15:177:Infinity":58,"b:177:30:177:38:177:38:177:Infinity":8,"s:178:15:178:Infinity":59,"s:179:2:193:Infinity":60,"s:179:19:179:22":61,"s:180:4:180:Infinity":62,"s:181:21:185:Infinity":63,"b:186:4:186:Infinity:undefined:undefined:undefined:undefined":9,"s:186:4:186:Infinity":64,"s:186:33:186:Infinity":65,"s:187:4:187:Infinity":66,"b:188:4:192:Infinity:undefined:undefined:undefined:undefined":10,"s:188:4:192:Infinity":67,"b:188:9:188:25:188:25:188:55:188:55:188:72:188:72:188:89":11,"s:190:6:190:Infinity":68,"s:191:6:191:Infinity":69,"b:191:31:191:38:191:38:191:Infinity":12,"s:196:14:196:Infinity":70,"s:197:14:197:Infinity":71,"s:198:13:198:Infinity":72,"s:199:8:200:Infinity":73,"f:199:8:199:Infinity":16,"s:200:4:200:Infinity":74,"s:201:14:201:Infinity":75,"s:202:2:209:Infinity":76,"b:202:9:202:44:202:44:202:57":13,"s:204:18:204:Infinity":77,"b:204:42:204:50:204:50:204:Infinity":14,"b:205:4:205:Infinity:undefined:undefined:undefined:undefined":15,"s:205:4:205:Infinity":78,"b:205:8:205:23:205:23:205:37":16,"s:205:37:205:Infinity":79,"s:206:4:206:Infinity":80,"s:207:4:207:Infinity":81,"s:208:4:208:Infinity":82,"s:211:8:215:Infinity":83,"f:211:8:211:18":17,"s:211:35:215:Infinity":84,"s:216:13:216:Infinity":85,"s:217:12:217:Infinity":86,"s:218:2:222:Infinity":87,"s:218:15:218:18":88,"s:219:4:219:Infinity":89,"b:220:4:220:Infinity:undefined:undefined:undefined:undefined":17,"s:220:4:220:Infinity":90,"s:220:65:220:Infinity":91,"s:221:4:221:Infinity":92,"s:230:8:236:Infinity":93,"f:230:8:230:20":18,"s:231:20:231:Infinity":94,"s:232:18:232:Infinity":95,"s:233:20:233:Infinity":96,"s:234:18:234:Infinity":97,"s:235:4:235:Infinity":98,"b:235:30:235:66:235:66:235:Infinity":18,"s:238:18:238:Infinity":99,"s:239:15:239:Infinity":100,"b:240:2:261:Infinity:undefined:undefined:undefined:undefined":19,"s:240:2:261:Infinity":101,"s:241:4:260:Infinity":102,"s:241:11:260:Infinity":103,"s:241:28:241:34":104,"s:242:6:259:Infinity":105,"s:243:23:243:Infinity":106,"b:244:8:244:Infinity:undefined:undefined:undefined:undefined":20,"s:244:8:244:Infinity":107,"b:244:12:244:29:244:29:244:44":21,"s:244:44:244:Infinity":108,"s:245:22:245:Infinity":109,"b:246:8:252:Infinity:undefined:undefined:undefined:undefined":22,"s:246:8:252:Infinity":110,"s:252:10:252:Infinity":111,"s:253:19:253:Infinity":112,"b:254:8:258:Infinity:undefined:undefined:undefined:undefined":23,"s:254:8:258:Infinity":113,"s:255:10:255:Infinity":114,"s:256:10:256:Infinity":115,"s:257:10:257:Infinity":116,"s:262:26:262:Infinity":117,"s:265:14:265:Infinity":118,"s:267:2:267:Infinity":119},"fnNames":{}}}
}
